<!DOCTYPE html PUBLIC "-//W3C//DTD XHTML 1.1//EN" "http://www.w3.org/TR/xhtml11/DTD/xhtml11.dtd">
<html xmlns="http://www.w3.org/1999/xhtml"><head><title>TestNG Report</title><style type="text/css">table {margin-bottom:10px;border-collapse:collapse;empty-cells:show}th,td {border:1px solid #009;padding:.25em .5em}th {vertical-align:bottom}td {vertical-align:top}table a {font-weight:bold}.stripe td {background-color: #E6EBF9}.num {text-align:right}.passedodd td {background-color: #3F3}.passedeven td {background-color: #0A0}.skippedodd td {background-color: #DDD}.skippedeven td {background-color: #CCC}.failedodd td,.attn {background-color: #F33}.failedeven td,.stripe .attn {background-color: #D00}.stacktrace {white-space:pre;font-family:monospace}.totop {font-size:85%;text-align:center;border-bottom:2px solid #000}</style></head><body><table><tr><th>Test</th><th># Passed</th><th># Skipped</th><th># Failed</th><th>Time (ms)</th><th>Included Groups</th><th>Excluded Groups</th></tr><tr><th colspan="7">LDP Test Suite</th></tr><tr><td><a href="#t0">W3C Linked Data Platform Tests</a></td><td class="num">53</td><td class="num attn">53</td><td class="num attn">7</td><td class="num">2,879</td><td>ldpMember, MAY, SHOULD, MUST</td><td></td></tr></table><table><thead><tr><th>Class</th><th>Method</th><th>Start</th><th>Time (ms)</th></tr></thead><tbody><tr><th colspan="4">LDP Test Suite</th></tr></tbody><tbody id="t0"><tr><th colspan="4">W3C Linked Data Platform Tests &#8212; failed</th></tr><tr class="failedeven"><td rowspan="6">org.w3.ldp.testsuite.test.IndirectContainerTest</td><td><a href="#m0">testContainsRdfType</a></td><td rowspan="1">1461003711702</td><td rowspan="1">20</td></tr><tr class="failedeven"><td><a href="#m1">testPreferContainmentTriples</a></td><td rowspan="1">1461003712082</td><td rowspan="1">43</td></tr><tr class="failedeven"><td><a href="#m2">testPutRequiresIfMatch</a></td><td rowspan="1">1461003712038</td><td rowspan="1">43</td></tr><tr class="failedeven"><td><a href="#m3">testRdfTypeLdpContainer</a></td><td rowspan="1">1461003711953</td><td rowspan="1">37</td></tr><tr class="failedeven"><td><a href="#m4">testRestrictUriReUseSlug</a></td><td rowspan="1">1461003711405</td><td rowspan="1">61</td></tr><tr class="failedeven"><td><a href="#m5">testTypeRdfSource</a></td><td rowspan="1">1461003711932</td><td rowspan="1">19</td></tr><tr class="failedodd"><td rowspan="1">org.w3.ldp.testsuite.test.MemberResourceTest</td><td><a href="#m6">testPutRequiresIfMatch</a></td><td rowspan="1">1461003712773</td><td rowspan="1">31</td></tr><tr><th colspan="4">W3C Linked Data Platform Tests &#8212; skipped (configuration methods)</th></tr><tr class="skippedeven"><td rowspan="1">org.w3.ldp.testsuite.test.NonRDFSourceTest</td><td><a href="#m7">determineOptions</a></td><td rowspan="1">1461003713230</td><td rowspan="1">0</td></tr><tr><th colspan="4">W3C Linked Data Platform Tests &#8212; skipped</th></tr><tr class="skippedeven"><td rowspan="19">org.w3.ldp.testsuite.test.IndirectContainerTest</td><td><a href="#m8">test4xxErrorHasResponseBody</a></td><td rowspan="1">1461003711702</td><td rowspan="1">0</td></tr><tr class="skippedeven"><td><a href="#m9">testConformsContainerRdfResource</a></td><td rowspan="1">1461003710520</td><td rowspan="1">0</td></tr><tr class="skippedeven"><td><a href="#m10">testConformsRdfSourceLdpResource</a></td><td rowspan="1">1461003712360</td><td rowspan="1">1</td></tr><tr class="skippedeven"><td><a href="#m11">testIsHttp11Manual</a></td><td rowspan="1">1461003711566</td><td rowspan="1">0</td></tr><tr class="skippedeven"><td><a href="#m12">testPostResource</a></td><td rowspan="1">1461003711701</td><td rowspan="1">0</td></tr><tr class="skippedeven"><td><a href="#m13">testPreconditionRequiredStatusCode</a></td><td rowspan="1">1461003711590</td><td rowspan="1">75</td></tr><tr class="skippedeven"><td><a href="#m14">testPublishConstraintsReadOnlyProp</a></td><td rowspan="1">1461003712359</td><td rowspan="1">0</td></tr><tr class="skippedeven"><td><a href="#m15">testPublishConstraintsUnknownProp</a></td><td rowspan="1">1461003711744</td><td rowspan="1">68</td></tr><tr class="skippedeven"><td><a href="#m16">testPutPropertiesNotPersisted</a></td><td rowspan="1">1461003711814</td><td rowspan="1">59</td></tr><tr class="skippedeven"><td><a href="#m17">testPutReadOnlyProperties4xxStatus</a></td><td rowspan="1">1461003711874</td><td rowspan="1">0</td></tr><tr class="skippedeven"><td><a href="#m18">testPutReplacesResource</a></td><td rowspan="1">1461003712438</td><td rowspan="1">1</td></tr><tr class="skippedeven"><td><a href="#m19">testPutSimpleUpdate</a></td><td rowspan="1">1461003712399</td><td rowspan="1">0</td></tr><tr class="skippedeven"><td><a href="#m20">testReUseVocabularies</a></td><td rowspan="1">1461003711875</td><td rowspan="1">0</td></tr><tr class="skippedeven"><td><a href="#m21">testRelativeUriResolutionPut</a></td><td rowspan="1">1461003711876</td><td rowspan="1">0</td></tr><tr class="skippedeven"><td><a href="#m22">testRequestedInteractionModelCreateNotAllowed</a></td><td rowspan="1">1461003711404</td><td rowspan="1">0</td></tr><tr class="skippedeven"><td><a href="#m23">testRequestedInteractionModelHeaders</a></td><td rowspan="1">1461003712360</td><td rowspan="1">0</td></tr><tr class="skippedeven"><td><a href="#m24">testResponsePropertiesNotPersisted</a></td><td rowspan="1">1461003711877</td><td rowspan="1">55</td></tr><tr class="skippedeven"><td><a href="#m25">testRestrictClientInference</a></td><td rowspan="1">1461003712004</td><td rowspan="1">0</td></tr><tr class="skippedeven"><td><a href="#m26">testUseStandardVocabularies</a></td><td rowspan="1">1461003711952</td><td rowspan="1">1</td></tr><tr class="skippedodd"><td rowspan="12">org.w3.ldp.testsuite.test.MemberResourceTest</td><td><a href="#m27">test4xxErrorHasResponseBody</a></td><td rowspan="1">1461003712805</td><td rowspan="1">0</td></tr><tr class="skippedodd"><td><a href="#m28">testConformsRdfSourceLdpResource</a></td><td rowspan="1">1461003712805</td><td rowspan="1">0</td></tr><tr class="skippedodd"><td><a href="#m29">testIsHttp11Manual</a></td><td rowspan="1">1461003712656</td><td rowspan="1">1</td></tr><tr class="skippedodd"><td><a href="#m30">testPreconditionRequiredStatusCode</a></td><td rowspan="1">1461003712699</td><td rowspan="1">49</td></tr><tr class="skippedodd"><td><a href="#m31">testPublishConstraintsReadOnlyProp</a></td><td rowspan="1">1461003712919</td><td rowspan="1">1</td></tr><tr class="skippedodd"><td><a href="#m32">testPublishConstraintsUnknownProp</a></td><td rowspan="1">1461003712920</td><td rowspan="1">37</td></tr><tr class="skippedodd"><td><a href="#m33">testPutPropertiesNotPersisted</a></td><td rowspan="1">1461003712957</td><td rowspan="1">38</td></tr><tr class="skippedodd"><td><a href="#m34">testPutReadOnlyProperties4xxStatus</a></td><td rowspan="1">1461003712996</td><td rowspan="1">0</td></tr><tr class="skippedodd"><td><a href="#m35">testReUseVocabularies</a></td><td rowspan="1">1461003713121</td><td rowspan="1">1</td></tr><tr class="skippedodd"><td><a href="#m36">testResponsePropertiesNotPersisted</a></td><td rowspan="1">1461003713177</td><td rowspan="1">36</td></tr><tr class="skippedodd"><td><a href="#m37">testRestrictClientInference</a></td><td rowspan="1">1461003713213</td><td rowspan="1">1</td></tr><tr class="skippedodd"><td><a href="#m38">testUseStandardVocabularies</a></td><td rowspan="1">1461003713229</td><td rowspan="1">0</td></tr><tr class="skippedeven"><td rowspan="22">org.w3.ldp.testsuite.test.NonRDFSourceTest</td><td><a href="#m39">testAcceptPatchHeader</a></td><td rowspan="1">1461003713230</td><td rowspan="1">0</td></tr><tr class="skippedeven"><td><a href="#m40">testConditionFailedStatusCode</a></td><td rowspan="1">1461003713231</td><td rowspan="1">0</td></tr><tr class="skippedeven"><td><a href="#m41">testDeleteNonRDFSourceDeletesAssociatedResource</a></td><td rowspan="1">1461003713240</td><td rowspan="1">0</td></tr><tr class="skippedeven"><td><a href="#m42">testETagHeadersGet</a></td><td rowspan="1">1461003713231</td><td rowspan="1">0</td></tr><tr class="skippedeven"><td><a href="#m43">testETagHeadersHead</a></td><td rowspan="1">1461003713232</td><td rowspan="1">0</td></tr><tr class="skippedeven"><td><a href="#m44">testGetResource</a></td><td rowspan="1">1461003713232</td><td rowspan="1">0</td></tr><tr class="skippedeven"><td><a href="#m45">testGetResponseHeaders</a></td><td rowspan="1">1461003713233</td><td rowspan="1">0</td></tr><tr class="skippedeven"><td><a href="#m46">testHead</a></td><td rowspan="1">1461003713233</td><td rowspan="1">0</td></tr><tr class="skippedeven"><td><a href="#m47">testIsHttp11Manual</a></td><td rowspan="1">1461003713234</td><td rowspan="1">0</td></tr><tr class="skippedeven"><td><a href="#m48">testLdpLinkHeader</a></td><td rowspan="1">1461003713234</td><td rowspan="1">0</td></tr><tr class="skippedeven"><td><a href="#m49">testOptions</a></td><td rowspan="1">1461003713235</td><td rowspan="1">0</td></tr><tr class="skippedeven"><td><a href="#m50">testOptionsAllowHeader</a></td><td rowspan="1">1461003713235</td><td rowspan="1">0</td></tr><tr class="skippedeven"><td><a href="#m51">testOptionsHasSameLinkHeader</a></td><td rowspan="1">1461003713240</td><td rowspan="1">0</td></tr><tr class="skippedeven"><td><a href="#m52">testPostNonRDFSource</a></td><td rowspan="1">1461003713237</td><td rowspan="1">0</td></tr><tr class="skippedeven"><td><a href="#m53">testPostResourceAndCheckAssociatedResource</a></td><td rowspan="1">1461003713237</td><td rowspan="1">0</td></tr><tr class="skippedeven"><td><a href="#m54">testPostResourceAndCheckLink</a></td><td rowspan="1">1461003713238</td><td rowspan="1">0</td></tr><tr class="skippedeven"><td><a href="#m55">testPostResourceAndGetFromContainer</a></td><td rowspan="1">1461003713238</td><td rowspan="1">0</td></tr><tr class="skippedeven"><td><a href="#m56">testPostResourceGetBinary</a></td><td rowspan="1">1461003713239</td><td rowspan="1">0</td></tr><tr class="skippedeven"><td><a href="#m57">testPostResourceGetMetadataAndBinary</a></td><td rowspan="1">1461003713239</td><td rowspan="1">0</td></tr><tr class="skippedeven"><td><a href="#m58">testPreconditionRequiredStatusCode</a></td><td rowspan="1">1461003713236</td><td rowspan="1">0</td></tr><tr class="skippedeven"><td><a href="#m59">testPutBadETag</a></td><td rowspan="1">1461003713236</td><td rowspan="1">0</td></tr><tr class="skippedeven"><td><a href="#m60">testPutRequiresIfMatch</a></td><td rowspan="1">1461003713236</td><td rowspan="1">0</td></tr><tr><th colspan="4">W3C Linked Data Platform Tests &#8212; passed</th></tr><tr class="passedeven"><td rowspan="34">org.w3.ldp.testsuite.test.IndirectContainerTest</td><td><a href="#m61">testAcceptPatchHeader</a></td><td rowspan="1">1461003711470</td><td rowspan="1">16</td></tr><tr class="passedeven"><td><a href="#m62">testAcceptPostResponseHeader</a></td><td rowspan="1">1461003710480</td><td rowspan="1">38</td></tr><tr class="passedeven"><td><a href="#m63">testAcceptTurtle</a></td><td rowspan="1">1461003712212</td><td rowspan="1">57</td></tr><tr class="passedeven"><td><a href="#m64">testConditionFailedStatusCode</a></td><td rowspan="1">1461003711487</td><td rowspan="1">34</td></tr><tr class="passedeven"><td><a href="#m65">testContainerHasInsertedContentRelation</a></td><td rowspan="1">1461003712018</td><td rowspan="1">19</td></tr><tr class="passedeven"><td><a href="#m66">testContainerSupportsHttpLinkHeader</a></td><td rowspan="1">1461003711666</td><td rowspan="1">34</td></tr><tr class="passedeven"><td><a href="#m67">testContentTypeHeader</a></td><td rowspan="1">1461003710521</td><td rowspan="1">23</td></tr><tr class="passedeven"><td><a href="#m68">testCreateWithoutConstraints</a></td><td rowspan="1">1461003712465</td><td rowspan="1">28</td></tr><tr class="passedeven"><td><a href="#m69">testDeleteRemovesContainmentTriple</a></td><td rowspan="1">1461003710544</td><td rowspan="1">142</td></tr><tr class="passedeven"><td><a href="#m70">testETagHeadersGet</a></td><td rowspan="1">1461003711521</td><td rowspan="1">23</td></tr><tr class="passedeven"><td><a href="#m71">testETagHeadersHead</a></td><td rowspan="1">1461003712270</td><td rowspan="1">12</td></tr><tr class="passedeven"><td><a href="#m72">testGetResource</a></td><td rowspan="1">1461003712142</td><td rowspan="1">18</td></tr><tr class="passedeven"><td><a href="#m73">testGetResourceAcceptTurtle</a></td><td rowspan="1">1461003712161</td><td rowspan="1">50</td></tr><tr class="passedeven"><td><a href="#m74">testGetResourceAsTurtleNoAccept</a></td><td rowspan="1">1461003711723</td><td rowspan="1">20</td></tr><tr class="passedeven"><td><a href="#m75">testGetResponseHeaders</a></td><td rowspan="1">1461003711545</td><td rowspan="1">19</td></tr><tr class="passedeven"><td><a href="#m76">testHead</a></td><td rowspan="1">1461003712126</td><td rowspan="1">15</td></tr><tr class="passedeven"><td><a href="#m77">testJsonLdRepresentation</a></td><td rowspan="1">1461003712399</td><td rowspan="1">39</td></tr><tr class="passedeven"><td><a href="#m78">testLdpLinkHeader</a></td><td rowspan="1">1461003711567</td><td rowspan="1">22</td></tr><tr class="passedeven"><td><a href="#m79">testNoRdfBagSeqOrList</a></td><td rowspan="1">1461003710687</td><td rowspan="1">34</td></tr><tr class="passedeven"><td><a href="#m80">testNullRelativeUriPost</a></td><td rowspan="1">1461003710722</td><td rowspan="1">82</td></tr><tr class="passedeven"><td><a href="#m81">testOptions</a></td><td rowspan="1">1461003712005</td><td rowspan="1">12</td></tr><tr class="passedeven"><td><a href="#m82">testOptionsAllowHeader</a></td><td rowspan="1">1461003711991</td><td rowspan="1">12</td></tr><tr class="passedeven"><td><a href="#m83">testPatchMethod</a></td><td rowspan="1">1461003710805</td><td rowspan="1">0</td></tr><tr class="passedeven"><td><a href="#m84">testPostContainer</a></td><td rowspan="1">1461003710806</td><td rowspan="1">97</td></tr><tr class="passedeven"><td><a href="#m85">testPostJsonLd</a></td><td rowspan="1">1461003710904</td><td rowspan="1">219</td></tr><tr class="passedeven"><td><a href="#m86">testPostNoSlug</a></td><td rowspan="1">1461003711123</td><td rowspan="1">51</td></tr><tr class="passedeven"><td><a href="#m87">testPostResponseStatusAndLocation</a></td><td rowspan="1">1461003711175</td><td rowspan="1">46</td></tr><tr class="passedeven"><td><a href="#m88">testPutBadETag</a></td><td rowspan="1">1461003712439</td><td rowspan="1">26</td></tr><tr class="passedeven"><td><a href="#m89">testPutToCreate</a></td><td rowspan="1">1461003711222</td><td rowspan="1">43</td></tr><tr class="passedeven"><td><a href="#m90">testRejectPutModifyingContainmentTriples</a></td><td rowspan="1">1461003711265</td><td rowspan="1">48</td></tr><tr class="passedeven"><td><a href="#m91">testRelativeUriResolutionPost</a></td><td rowspan="1">1461003711314</td><td rowspan="1">89</td></tr><tr class="passedeven"><td><a href="#m92">testRestrictPutReUseUri</a></td><td rowspan="1">1461003712496</td><td rowspan="1">47</td></tr><tr class="passedeven"><td><a href="#m93">testRestrictUriReUseNoSlug</a></td><td rowspan="1">1461003712282</td><td rowspan="1">76</td></tr><tr class="passedeven"><td><a href="#m94">testServerHonorsSlug</a></td><td rowspan="1">1461003712361</td><td rowspan="1">37</td></tr><tr class="passedodd"><td rowspan="19">org.w3.ldp.testsuite.test.MemberResourceTest</td><td><a href="#m95">testAcceptPatchHeader</a></td><td rowspan="1">1461003712573</td><td rowspan="1">11</td></tr><tr class="passedodd"><td><a href="#m96">testConditionFailedStatusCode</a></td><td rowspan="1">1461003712585</td><td rowspan="1">23</td></tr><tr class="passedodd"><td><a href="#m97">testContainsRdfType</a></td><td rowspan="1">1461003712806</td><td rowspan="1">14</td></tr><tr class="passedodd"><td><a href="#m98">testETagHeadersGet</a></td><td rowspan="1">1461003712608</td><td rowspan="1">14</td></tr><tr class="passedodd"><td><a href="#m99">testETagHeadersHead</a></td><td rowspan="1">1461003712622</td><td rowspan="1">10</td></tr><tr class="passedodd"><td><a href="#m100">testGetResource</a></td><td rowspan="1">1461003712821</td><td rowspan="1">36</td></tr><tr class="passedodd"><td><a href="#m101">testGetResourceAcceptTurtle</a></td><td rowspan="1">1461003712858</td><td rowspan="1">28</td></tr><tr class="passedodd"><td><a href="#m102">testGetResourceAsTurtleNoAccept</a></td><td rowspan="1">1461003712886</td><td rowspan="1">15</td></tr><tr class="passedodd"><td><a href="#m103">testGetResponseHeaders</a></td><td rowspan="1">1461003712633</td><td rowspan="1">13</td></tr><tr class="passedodd"><td><a href="#m104">testHead</a></td><td rowspan="1">1461003712646</td><td rowspan="1">10</td></tr><tr class="passedodd"><td><a href="#m105">testJsonLdRepresentation</a></td><td rowspan="1">1461003712902</td><td rowspan="1">17</td></tr><tr class="passedodd"><td><a href="#m106">testLdpLinkHeader</a></td><td rowspan="1">1461003712657</td><td rowspan="1">13</td></tr><tr class="passedodd"><td><a href="#m107">testOptions</a></td><td rowspan="1">1461003712671</td><td rowspan="1">16</td></tr><tr class="passedodd"><td><a href="#m108">testOptionsAllowHeader</a></td><td rowspan="1">1461003712688</td><td rowspan="1">10</td></tr><tr class="passedodd"><td><a href="#m109">testPutBadETag</a></td><td rowspan="1">1461003712748</td><td rowspan="1">24</td></tr><tr class="passedodd"><td><a href="#m110">testPutReplacesResource</a></td><td rowspan="1">1461003712997</td><td rowspan="1">57</td></tr><tr class="passedodd"><td><a href="#m111">testPutSimpleUpdate</a></td><td rowspan="1">1461003713055</td><td rowspan="1">66</td></tr><tr class="passedodd"><td><a href="#m112">testRelativeUriResolutionPut</a></td><td rowspan="1">1461003713122</td><td rowspan="1">54</td></tr><tr class="passedodd"><td><a href="#m113">testTypeRdfSource</a></td><td rowspan="1">1461003713214</td><td rowspan="1">15</td></tr></tbody></table><h2>W3C Linked Data Platform Tests</h2><h3 id="m0">org.w3.ldp.testsuite.test.IndirectContainerTest#testContainsRdfType</h3><table class="result"><tr><th>Exception</th></tr><tr><td><div class="stacktrace">java.lang.AssertionError: LDP-RS representation has no explicit rdf:type expected [true] but found [false]
	at org.w3.ldp.testsuite.test.RdfSourceTest.testContainsRdfType(RdfSourceTest.java:194)
	at org.w3.ldp.testsuite.LdpTestSuite.run(LdpTestSuite.java:379)
	at org.w3.ldp.testsuite.LdpTestSuite.executeTestSuite(LdpTestSuite.java:415)
	at org.w3.ldp.testsuite.LdpTestSuite.executeTestSuite(LdpTestSuite.java:407)
	at org.w3.ldp.testsuite.RunLdpTestSuite.main(RunLdpTestSuite.java:26)
... Removed 24 stack frames</div></td></tr></table><p class="totop"><a href="#summary">back to summary</a></p><h3 id="m1">org.w3.ldp.testsuite.test.IndirectContainerTest#testPreferContainmentTriples</h3><table class="result"><tr><th>Exception</th></tr><tr><td><div class="stacktrace">java.lang.AssertionError: Container has containment triples when minimal container was requested expected [false] but found [true]
	at org.w3.ldp.testsuite.test.CommonContainerTest.testPreferContainmentTriples(CommonContainerTest.java:198)
	at org.w3.ldp.testsuite.LdpTestSuite.run(LdpTestSuite.java:379)
	at org.w3.ldp.testsuite.LdpTestSuite.executeTestSuite(LdpTestSuite.java:415)
	at org.w3.ldp.testsuite.LdpTestSuite.executeTestSuite(LdpTestSuite.java:407)
	at org.w3.ldp.testsuite.RunLdpTestSuite.main(RunLdpTestSuite.java:26)
... Removed 24 stack frames</div></td></tr></table><p class="totop"><a href="#summary">back to summary</a></p><h3 id="m2">org.w3.ldp.testsuite.test.IndirectContainerTest#testPutRequiresIfMatch</h3><table class="result"><tr><th>Exception</th></tr><tr><td><div class="stacktrace">java.lang.AssertionError: 1 expectation failed.
Expected status code not between 200 and 209 doesn&apos;t match actual status code &lt;200&gt;.

	at org.codehaus.groovy.runtime.callsite.ConstructorSite$ConstructorSiteNoUnwrap.callConstructor(ConstructorSite.java:84)
	at org.codehaus.groovy.runtime.callsite.AbstractCallSite.callConstructor(AbstractCallSite.java:247)
	at com.jayway.restassured.internal.ResponseSpecificationImpl$HamcrestAssertionClosure.validate(ResponseSpecificationImpl.groovy:598)
	at com.jayway.restassured.internal.ResponseSpecificationImpl$HamcrestAssertionClosure$validate$1.call(Unknown Source)
	at com.jayway.restassured.internal.RequestSpecificationImpl.applyPathParamsAndSendRequest(RequestSpecificationImpl.groovy:1575)
	at groovy.lang.MetaMethod.doMethodInvoke(MetaMethod.java:325)
	at groovy.lang.MetaClassImpl.invokeMethod(MetaClassImpl.java:1210)
	at groovy.lang.MetaClassImpl.invokeMethod(MetaClassImpl.java:1019)
	at groovy.lang.MetaClassImpl.invokeMethod(MetaClassImpl.java:810)
	at com.jayway.restassured.internal.RequestSpecificationImpl.invokeMethod(RequestSpecificationImpl.groovy)
	at org.codehaus.groovy.runtime.callsite.PogoInterceptableSite.call(PogoInterceptableSite.java:48)
	at org.codehaus.groovy.runtime.callsite.PogoInterceptableSite.callCurrent(PogoInterceptableSite.java:58)
	at org.codehaus.groovy.runtime.callsite.AbstractCallSite.callCurrent(AbstractCallSite.java:182)
	at com.jayway.restassured.internal.RequestSpecificationImpl.put(RequestSpecificationImpl.groovy:167)
	at com.jayway.restassured.internal.RequestSpecificationImpl.put(RequestSpecificationImpl.groovy)
	at groovy.lang.MetaMethod.doMethodInvoke(MetaMethod.java:325)
	at groovy.lang.MetaClassImpl.invokeMethod(MetaClassImpl.java:1210)
	at groovy.lang.MetaClassImpl.invokeMethod(MetaClassImpl.java:1019)
	at groovy.lang.MetaClassImpl.invokeMethod(MetaClassImpl.java:810)
	at com.jayway.restassured.internal.RequestSpecificationImpl.invokeMethod(RequestSpecificationImpl.groovy)
	at org.codehaus.groovy.runtime.callsite.PogoInterceptableSite.call(PogoInterceptableSite.java:48)
	at org.codehaus.groovy.runtime.callsite.AbstractCallSite.call(AbstractCallSite.java:133)
	at com.jayway.restassured.internal.ResponseSpecificationImpl.put(ResponseSpecificationImpl.groovy:297)
	at com.jayway.restassured.internal.ResponseSpecificationImpl.put(ResponseSpecificationImpl.groovy)
	at org.w3.ldp.testsuite.test.CommonResourceTest.testPutRequiresIfMatch(CommonResourceTest.java:270)
	at org.w3.ldp.testsuite.LdpTestSuite.run(LdpTestSuite.java:379)
	at org.w3.ldp.testsuite.LdpTestSuite.executeTestSuite(LdpTestSuite.java:415)
	at org.w3.ldp.testsuite.LdpTestSuite.executeTestSuite(LdpTestSuite.java:407)
	at org.w3.ldp.testsuite.RunLdpTestSuite.main(RunLdpTestSuite.java:26)
... Removed 36 stack frames</div></td></tr></table><p class="totop"><a href="#summary">back to summary</a></p><h3 id="m3">org.w3.ldp.testsuite.test.IndirectContainerTest#testRdfTypeLdpContainer</h3><table class="result"><tr><th>Exception</th></tr><tr><td><div class="stacktrace">java.lang.AssertionError: LDPC does not have an rdf:type of ldp:Container expected [true] but found [false]
	at org.w3.ldp.testsuite.test.CommonContainerTest.testRdfTypeLdpContainer(CommonContainerTest.java:793)
	at org.w3.ldp.testsuite.LdpTestSuite.run(LdpTestSuite.java:379)
	at org.w3.ldp.testsuite.LdpTestSuite.executeTestSuite(LdpTestSuite.java:415)
	at org.w3.ldp.testsuite.LdpTestSuite.executeTestSuite(LdpTestSuite.java:407)
	at org.w3.ldp.testsuite.RunLdpTestSuite.main(RunLdpTestSuite.java:26)
... Removed 24 stack frames</div></td></tr></table><p class="totop"><a href="#summary">back to summary</a></p><h3 id="m4">org.w3.ldp.testsuite.test.IndirectContainerTest#testRestrictUriReUseSlug</h3><table class="result"><tr><th>Exception</th></tr><tr><td><div class="stacktrace">java.lang.AssertionError: 1 expectation failed.
Expected status code &lt;201&gt; doesn&apos;t match actual status code &lt;409&gt;.

	at org.codehaus.groovy.runtime.callsite.ConstructorSite$ConstructorSiteNoUnwrap.callConstructor(ConstructorSite.java:84)
	at org.codehaus.groovy.runtime.callsite.CallSiteArray.defaultCallConstructor(CallSiteArray.java:60)
	at org.codehaus.groovy.runtime.callsite.AbstractCallSite.callConstructor(AbstractCallSite.java:235)
	at org.codehaus.groovy.runtime.callsite.AbstractCallSite.callConstructor(AbstractCallSite.java:247)
	at com.jayway.restassured.internal.ResponseSpecificationImpl$HamcrestAssertionClosure.validate(ResponseSpecificationImpl.groovy:598)
	at com.jayway.restassured.internal.ResponseSpecificationImpl$HamcrestAssertionClosure$validate$1.call(Unknown Source)
	at com.jayway.restassured.internal.RequestSpecificationImpl.applyPathParamsAndSendRequest(RequestSpecificationImpl.groovy:1575)
	at groovy.lang.MetaMethod.doMethodInvoke(MetaMethod.java:325)
	at groovy.lang.MetaClassImpl.invokeMethod(MetaClassImpl.java:1210)
	at groovy.lang.MetaClassImpl.invokeMethod(MetaClassImpl.java:1019)
	at groovy.lang.MetaClassImpl.invokeMethod(MetaClassImpl.java:810)
	at com.jayway.restassured.internal.RequestSpecificationImpl.invokeMethod(RequestSpecificationImpl.groovy)
	at org.codehaus.groovy.runtime.callsite.PogoInterceptableSite.call(PogoInterceptableSite.java:48)
	at org.codehaus.groovy.runtime.callsite.PogoInterceptableSite.callCurrent(PogoInterceptableSite.java:58)
	at org.codehaus.groovy.runtime.callsite.AbstractCallSite.callCurrent(AbstractCallSite.java:182)
	at com.jayway.restassured.internal.RequestSpecificationImpl.post(RequestSpecificationImpl.groovy:163)
	at com.jayway.restassured.internal.RequestSpecificationImpl.post(RequestSpecificationImpl.groovy)
	at groovy.lang.MetaMethod.doMethodInvoke(MetaMethod.java:325)
	at groovy.lang.MetaClassImpl.invokeMethod(MetaClassImpl.java:1210)
	at groovy.lang.MetaClassImpl.invokeMethod(MetaClassImpl.java:1019)
	at groovy.lang.MetaClassImpl.invokeMethod(MetaClassImpl.java:810)
	at com.jayway.restassured.internal.RequestSpecificationImpl.invokeMethod(RequestSpecificationImpl.groovy)
	at org.codehaus.groovy.runtime.callsite.PogoInterceptableSite.call(PogoInterceptableSite.java:48)
	at org.codehaus.groovy.runtime.callsite.AbstractCallSite.call(AbstractCallSite.java:133)
	at com.jayway.restassured.internal.ResponseSpecificationImpl.post(ResponseSpecificationImpl.groovy:293)
	at com.jayway.restassured.internal.ResponseSpecificationImpl.post(ResponseSpecificationImpl.groovy)
	at org.w3.ldp.testsuite.test.CommonContainerTest.post(CommonContainerTest.java:934)
	at org.w3.ldp.testsuite.test.CommonContainerTest.testRestrictUriReUse(CommonContainerTest.java:921)
	at org.w3.ldp.testsuite.test.CommonContainerTest.testRestrictUriReUseSlug(CommonContainerTest.java:594)
	at org.w3.ldp.testsuite.LdpTestSuite.run(LdpTestSuite.java:379)
	at org.w3.ldp.testsuite.LdpTestSuite.executeTestSuite(LdpTestSuite.java:415)
	at org.w3.ldp.testsuite.LdpTestSuite.executeTestSuite(LdpTestSuite.java:407)
	at org.w3.ldp.testsuite.RunLdpTestSuite.main(RunLdpTestSuite.java:26)
... Removed 36 stack frames</div></td></tr></table><p class="totop"><a href="#summary">back to summary</a></p><h3 id="m5">org.w3.ldp.testsuite.test.IndirectContainerTest#testTypeRdfSource</h3><table class="result"><tr><th>Exception</th></tr><tr><td><div class="stacktrace">java.lang.AssertionError: LDP-RS representation does not have rdf:type ldp:RDFSource expected [true] but found [false]
	at org.w3.ldp.testsuite.test.RdfSourceTest.testTypeRdfSource(RdfSourceTest.java:208)
	at org.w3.ldp.testsuite.LdpTestSuite.run(LdpTestSuite.java:379)
	at org.w3.ldp.testsuite.LdpTestSuite.executeTestSuite(LdpTestSuite.java:415)
	at org.w3.ldp.testsuite.LdpTestSuite.executeTestSuite(LdpTestSuite.java:407)
	at org.w3.ldp.testsuite.RunLdpTestSuite.main(RunLdpTestSuite.java:26)
... Removed 24 stack frames</div></td></tr></table><p class="totop"><a href="#summary">back to summary</a></p><h3 id="m6">org.w3.ldp.testsuite.test.MemberResourceTest#testPutRequiresIfMatch</h3><table class="result"><tr><th>Exception</th></tr><tr><td><div class="stacktrace">java.lang.AssertionError: 1 expectation failed.
Expected status code not between 200 and 209 doesn&apos;t match actual status code &lt;200&gt;.

	at org.codehaus.groovy.runtime.callsite.ConstructorSite$ConstructorSiteNoUnwrap.callConstructor(ConstructorSite.java:84)
	at org.codehaus.groovy.runtime.callsite.AbstractCallSite.callConstructor(AbstractCallSite.java:247)
	at com.jayway.restassured.internal.ResponseSpecificationImpl$HamcrestAssertionClosure.validate(ResponseSpecificationImpl.groovy:598)
	at com.jayway.restassured.internal.ResponseSpecificationImpl$HamcrestAssertionClosure$validate$1.call(Unknown Source)
	at com.jayway.restassured.internal.RequestSpecificationImpl.applyPathParamsAndSendRequest(RequestSpecificationImpl.groovy:1575)
	at groovy.lang.MetaMethod.doMethodInvoke(MetaMethod.java:325)
	at groovy.lang.MetaClassImpl.invokeMethod(MetaClassImpl.java:1210)
	at groovy.lang.MetaClassImpl.invokeMethod(MetaClassImpl.java:1019)
	at groovy.lang.MetaClassImpl.invokeMethod(MetaClassImpl.java:810)
	at com.jayway.restassured.internal.RequestSpecificationImpl.invokeMethod(RequestSpecificationImpl.groovy)
	at org.codehaus.groovy.runtime.callsite.PogoInterceptableSite.call(PogoInterceptableSite.java:48)
	at org.codehaus.groovy.runtime.callsite.PogoInterceptableSite.callCurrent(PogoInterceptableSite.java:58)
	at org.codehaus.groovy.runtime.callsite.AbstractCallSite.callCurrent(AbstractCallSite.java:182)
	at com.jayway.restassured.internal.RequestSpecificationImpl.put(RequestSpecificationImpl.groovy:167)
	at com.jayway.restassured.internal.RequestSpecificationImpl.put(RequestSpecificationImpl.groovy)
	at groovy.lang.MetaMethod.doMethodInvoke(MetaMethod.java:325)
	at groovy.lang.MetaClassImpl.invokeMethod(MetaClassImpl.java:1210)
	at groovy.lang.MetaClassImpl.invokeMethod(MetaClassImpl.java:1019)
	at groovy.lang.MetaClassImpl.invokeMethod(MetaClassImpl.java:810)
	at com.jayway.restassured.internal.RequestSpecificationImpl.invokeMethod(RequestSpecificationImpl.groovy)
	at org.codehaus.groovy.runtime.callsite.PogoInterceptableSite.call(PogoInterceptableSite.java:48)
	at org.codehaus.groovy.runtime.callsite.AbstractCallSite.call(AbstractCallSite.java:133)
	at com.jayway.restassured.internal.ResponseSpecificationImpl.put(ResponseSpecificationImpl.groovy:297)
	at com.jayway.restassured.internal.ResponseSpecificationImpl.put(ResponseSpecificationImpl.groovy)
	at org.w3.ldp.testsuite.test.CommonResourceTest.testPutRequiresIfMatch(CommonResourceTest.java:270)
	at org.w3.ldp.testsuite.LdpTestSuite.run(LdpTestSuite.java:379)
	at org.w3.ldp.testsuite.LdpTestSuite.executeTestSuite(LdpTestSuite.java:415)
	at org.w3.ldp.testsuite.LdpTestSuite.executeTestSuite(LdpTestSuite.java:407)
	at org.w3.ldp.testsuite.RunLdpTestSuite.main(RunLdpTestSuite.java:26)
... Removed 36 stack frames</div></td></tr></table><p class="totop"><a href="#summary">back to summary</a></p><h3 id="m7">org.w3.ldp.testsuite.test.NonRDFSourceTest#determineOptions</h3><table class="result"><tr><th>Exception</th></tr><tr><td><div class="stacktrace">org.w3.ldp.testsuite.exception.SkipException: Skipping test because test resource is null.
	at org.w3.ldp.testsuite.test.NonRDFSourceTest.getResourceUri(NonRDFSourceTest.java:100)
	at org.w3.ldp.testsuite.test.CommonResourceTest.determineOptions(CommonResourceTest.java:56)
	at org.w3.ldp.testsuite.LdpTestSuite.run(LdpTestSuite.java:379)
	at org.w3.ldp.testsuite.LdpTestSuite.executeTestSuite(LdpTestSuite.java:415)
	at org.w3.ldp.testsuite.LdpTestSuite.executeTestSuite(LdpTestSuite.java:407)
	at org.w3.ldp.testsuite.RunLdpTestSuite.main(RunLdpTestSuite.java:26)
... Removed 21 stack frames</div></td></tr></table><p class="totop"><a href="#summary">back to summary</a></p><h3 id="m8">org.w3.ldp.testsuite.test.IndirectContainerTest#test4xxErrorHasResponseBody</h3><table class="result"><tr class="param"><th>Parameter #1</th></tr><tr class="param stripe"><td>null</td></tr><tr><th>Exception</th></tr><tr><td><div class="stacktrace">org.w3.ldp.testsuite.exception.SkipException: Skipping test because we have no read-only properties to PUT. Server-managed properties are specified using the &quot;read-only-prop&quot; command-line parameter.
	at org.w3.ldp.testsuite.test.RdfSourceTest.test4xxErrorHasResponseBody(RdfSourceTest.java:423)
	at org.w3.ldp.testsuite.LdpTestSuite.run(LdpTestSuite.java:379)
	at org.w3.ldp.testsuite.LdpTestSuite.executeTestSuite(LdpTestSuite.java:415)
	at org.w3.ldp.testsuite.LdpTestSuite.executeTestSuite(LdpTestSuite.java:407)
	at org.w3.ldp.testsuite.RunLdpTestSuite.main(RunLdpTestSuite.java:26)
... Removed 21 stack frames</div></td></tr></table><p class="totop"><a href="#summary">back to summary</a></p><h3 id="m9">org.w3.ldp.testsuite.test.IndirectContainerTest#testConformsContainerRdfResource</h3><table class="result"><tr><th>Exception</th></tr><tr><td><div class="stacktrace">org.testng.SkipException: Covered indirectly by the MUST tests defined in RdfSourceTest class
	at org.w3.ldp.testsuite.test.CommonContainerTest.testConformsContainerRdfResource(CommonContainerTest.java:889)
	at org.w3.ldp.testsuite.LdpTestSuite.run(LdpTestSuite.java:379)
	at org.w3.ldp.testsuite.LdpTestSuite.executeTestSuite(LdpTestSuite.java:415)
	at org.w3.ldp.testsuite.LdpTestSuite.executeTestSuite(LdpTestSuite.java:407)
	at org.w3.ldp.testsuite.RunLdpTestSuite.main(RunLdpTestSuite.java:26)
... Removed 21 stack frames</div></td></tr></table><p class="totop"><a href="#summary">back to summary</a></p><h3 id="m10">org.w3.ldp.testsuite.test.IndirectContainerTest#testConformsRdfSourceLdpResource</h3><table class="result"><tr><th>Exception</th></tr><tr><td><div class="stacktrace">org.testng.SkipException: Covered indirectly by the MUST tests defined in CommonResourceTest class
	at org.w3.ldp.testsuite.test.RdfSourceTest.testConformsRdfSourceLdpResource(RdfSourceTest.java:477)
	at org.w3.ldp.testsuite.LdpTestSuite.run(LdpTestSuite.java:379)
	at org.w3.ldp.testsuite.LdpTestSuite.executeTestSuite(LdpTestSuite.java:415)
	at org.w3.ldp.testsuite.LdpTestSuite.executeTestSuite(LdpTestSuite.java:407)
	at org.w3.ldp.testsuite.RunLdpTestSuite.main(RunLdpTestSuite.java:26)
... Removed 21 stack frames</div></td></tr></table><p class="totop"><a href="#summary">back to summary</a></p><h3 id="m11">org.w3.ldp.testsuite.test.IndirectContainerTest#testIsHttp11Manual</h3><table class="result"><tr><th>Exception</th></tr><tr><td><div class="stacktrace">org.w3.ldp.testsuite.exception.SkipNotTestableException: This requirement or recommendation must be tested manually. It is difficult or impossible to write automated tests for and is not part of the testsuite.
	at org.w3.ldp.testsuite.test.CommonResourceTest.testIsHttp11Manual(CommonResourceTest.java:130)
	at org.w3.ldp.testsuite.LdpTestSuite.run(LdpTestSuite.java:379)
	at org.w3.ldp.testsuite.LdpTestSuite.executeTestSuite(LdpTestSuite.java:415)
	at org.w3.ldp.testsuite.LdpTestSuite.executeTestSuite(LdpTestSuite.java:407)
	at org.w3.ldp.testsuite.RunLdpTestSuite.main(RunLdpTestSuite.java:26)
... Removed 21 stack frames</div></td></tr></table><p class="totop"><a href="#summary">back to summary</a></p><h3 id="m12">org.w3.ldp.testsuite.test.IndirectContainerTest#testPostResource</h3><table class="result"><tr><th>Exception</th></tr><tr><td><div class="stacktrace">org.w3.ldp.testsuite.exception.SkipException: The indirectContainer&apos;s ldp:insertedContentRelation triple has ldp:MemberSubject as the object.
	at org.w3.ldp.testsuite.test.IndirectContainerTest.testPostResource(IndirectContainerTest.java:178)
	at org.w3.ldp.testsuite.LdpTestSuite.run(LdpTestSuite.java:379)
	at org.w3.ldp.testsuite.LdpTestSuite.executeTestSuite(LdpTestSuite.java:415)
	at org.w3.ldp.testsuite.LdpTestSuite.executeTestSuite(LdpTestSuite.java:407)
	at org.w3.ldp.testsuite.RunLdpTestSuite.main(RunLdpTestSuite.java:26)
... Removed 21 stack frames</div></td></tr></table><p class="totop"><a href="#summary">back to summary</a></p><h3 id="m13">org.w3.ldp.testsuite.test.IndirectContainerTest#testPreconditionRequiredStatusCode</h3><table class="result"><tr><th>Exception</th></tr><tr><td><div class="stacktrace">org.w3.ldp.testsuite.exception.SkipException: Server does not require If-Match header.
	at org.w3.ldp.testsuite.test.CommonResourceTest.testPreconditionRequiredStatusCode(CommonResourceTest.java:369)
	at org.w3.ldp.testsuite.LdpTestSuite.run(LdpTestSuite.java:379)
	at org.w3.ldp.testsuite.LdpTestSuite.executeTestSuite(LdpTestSuite.java:415)
	at org.w3.ldp.testsuite.LdpTestSuite.executeTestSuite(LdpTestSuite.java:407)
	at org.w3.ldp.testsuite.RunLdpTestSuite.main(RunLdpTestSuite.java:26)
... Removed 21 stack frames</div></td></tr></table><p class="totop"><a href="#summary">back to summary</a></p><h3 id="m14">org.w3.ldp.testsuite.test.IndirectContainerTest#testPublishConstraintsReadOnlyProp</h3><table class="result"><tr class="param"><th>Parameter #1</th></tr><tr class="param stripe"><td>null</td></tr><tr><th>Exception</th></tr><tr><td><div class="stacktrace">org.w3.ldp.testsuite.exception.SkipException: Skipping test because we have no read-only properties to PUT. Server-managed properties are specified using the &quot;read-only-prop&quot; command-line parameter.
	at org.w3.ldp.testsuite.test.RdfSourceTest.testPublishConstraintsReadOnlyProp(RdfSourceTest.java:357)
	at org.w3.ldp.testsuite.LdpTestSuite.run(LdpTestSuite.java:379)
	at org.w3.ldp.testsuite.LdpTestSuite.executeTestSuite(LdpTestSuite.java:415)
	at org.w3.ldp.testsuite.LdpTestSuite.executeTestSuite(LdpTestSuite.java:407)
	at org.w3.ldp.testsuite.RunLdpTestSuite.main(RunLdpTestSuite.java:26)
... Removed 21 stack frames</div></td></tr></table><p class="totop"><a href="#summary">back to summary</a></p><h3 id="m15">org.w3.ldp.testsuite.test.IndirectContainerTest#testPublishConstraintsUnknownProp</h3><table class="result"><tr><th>Exception</th></tr><tr><td><div class="stacktrace">org.w3.ldp.testsuite.exception.SkipException: Skipping test because PUT request was successful.
	at org.w3.ldp.testsuite.test.RdfSourceTest.expectPut4xxStatus(RdfSourceTest.java:532)
	at org.w3.ldp.testsuite.test.RdfSourceTest.expectPut4xxConstrainedBy(RdfSourceTest.java:489)
	at org.w3.ldp.testsuite.test.RdfSourceTest.testPublishConstraintsUnknownProp(RdfSourceTest.java:379)
	at org.w3.ldp.testsuite.LdpTestSuite.run(LdpTestSuite.java:379)
	at org.w3.ldp.testsuite.LdpTestSuite.executeTestSuite(LdpTestSuite.java:415)
	at org.w3.ldp.testsuite.LdpTestSuite.executeTestSuite(LdpTestSuite.java:407)
	at org.w3.ldp.testsuite.RunLdpTestSuite.main(RunLdpTestSuite.java:26)
... Removed 21 stack frames</div></td></tr></table><p class="totop"><a href="#summary">back to summary</a></p><h3 id="m16">org.w3.ldp.testsuite.test.IndirectContainerTest#testPutPropertiesNotPersisted</h3><table class="result"><tr><th>Exception</th></tr><tr><td><div class="stacktrace">org.w3.ldp.testsuite.exception.SkipException: Skipping test because PUT request was successful.
	at org.w3.ldp.testsuite.test.RdfSourceTest.expectPut4xxStatus(RdfSourceTest.java:532)
	at org.w3.ldp.testsuite.test.RdfSourceTest.testPutPropertiesNotPersisted(RdfSourceTest.java:444)
	at org.w3.ldp.testsuite.LdpTestSuite.run(LdpTestSuite.java:379)
	at org.w3.ldp.testsuite.LdpTestSuite.executeTestSuite(LdpTestSuite.java:415)
	at org.w3.ldp.testsuite.LdpTestSuite.executeTestSuite(LdpTestSuite.java:407)
	at org.w3.ldp.testsuite.RunLdpTestSuite.main(RunLdpTestSuite.java:26)
... Removed 21 stack frames</div></td></tr></table><p class="totop"><a href="#summary">back to summary</a></p><h3 id="m17">org.w3.ldp.testsuite.test.IndirectContainerTest#testPutReadOnlyProperties4xxStatus</h3><table class="result"><tr class="param"><th>Parameter #1</th></tr><tr class="param stripe"><td>null</td></tr><tr><th>Exception</th></tr><tr><td><div class="stacktrace">org.w3.ldp.testsuite.exception.SkipException: Skipping test because we have no read-only properties to PUT. Server-managed properties are specified using the &quot;read-only-prop&quot; command-line parameter.
	at org.w3.ldp.testsuite.test.RdfSourceTest.testPutReadOnlyProperties4xxStatus(RdfSourceTest.java:400)
	at org.w3.ldp.testsuite.LdpTestSuite.run(LdpTestSuite.java:379)
	at org.w3.ldp.testsuite.LdpTestSuite.executeTestSuite(LdpTestSuite.java:415)
	at org.w3.ldp.testsuite.LdpTestSuite.executeTestSuite(LdpTestSuite.java:407)
	at org.w3.ldp.testsuite.RunLdpTestSuite.main(RunLdpTestSuite.java:26)
... Removed 21 stack frames</div></td></tr></table><p class="totop"><a href="#summary">back to summary</a></p><h3 id="m18">org.w3.ldp.testsuite.test.IndirectContainerTest#testPutReplacesResource</h3><table class="result"><tr><th>Exception</th></tr><tr><td><div class="stacktrace">org.w3.ldp.testsuite.exception.SkipException: Skipping test because there are restrictions on PUT content for this resource. The requirement needs to be tested manually.
	at org.w3.ldp.testsuite.test.RdfSourceTest.putReplaceResource(RdfSourceTest.java:572)
	at org.w3.ldp.testsuite.test.RdfSourceTest.testPutReplacesResource(RdfSourceTest.java:144)
	at org.w3.ldp.testsuite.LdpTestSuite.run(LdpTestSuite.java:379)
	at org.w3.ldp.testsuite.LdpTestSuite.executeTestSuite(LdpTestSuite.java:415)
	at org.w3.ldp.testsuite.LdpTestSuite.executeTestSuite(LdpTestSuite.java:407)
	at org.w3.ldp.testsuite.RunLdpTestSuite.main(RunLdpTestSuite.java:26)
... Removed 21 stack frames</div></td></tr></table><p class="totop"><a href="#summary">back to summary</a></p><h3 id="m19">org.w3.ldp.testsuite.test.IndirectContainerTest#testPutSimpleUpdate</h3><table class="result"><tr><th>Exception</th></tr><tr><td><div class="stacktrace">org.w3.ldp.testsuite.exception.SkipException: Skipping test because there are restrictions on PUT content for this resource. The requirement needs to be tested manually.
	at org.w3.ldp.testsuite.test.RdfSourceTest.putReplaceResource(RdfSourceTest.java:572)
	at org.w3.ldp.testsuite.test.RdfSourceTest.testPutSimpleUpdate(RdfSourceTest.java:158)
	at org.w3.ldp.testsuite.LdpTestSuite.run(LdpTestSuite.java:379)
	at org.w3.ldp.testsuite.LdpTestSuite.executeTestSuite(LdpTestSuite.java:415)
	at org.w3.ldp.testsuite.LdpTestSuite.executeTestSuite(LdpTestSuite.java:407)
	at org.w3.ldp.testsuite.RunLdpTestSuite.main(RunLdpTestSuite.java:26)
... Removed 21 stack frames</div></td></tr></table><p class="totop"><a href="#summary">back to summary</a></p><h3 id="m20">org.w3.ldp.testsuite.test.IndirectContainerTest#testReUseVocabularies</h3><table class="result"><tr><th>Exception</th></tr><tr><td><div class="stacktrace">org.w3.ldp.testsuite.exception.SkipNotTestableException: This requirement or recommendation must be tested manually. It is difficult or impossible to write automated tests for and is not part of the testsuite.
	at org.w3.ldp.testsuite.test.RdfSourceTest.testReUseVocabularies(RdfSourceTest.java:231)
	at org.w3.ldp.testsuite.LdpTestSuite.run(LdpTestSuite.java:379)
	at org.w3.ldp.testsuite.LdpTestSuite.executeTestSuite(LdpTestSuite.java:415)
	at org.w3.ldp.testsuite.LdpTestSuite.executeTestSuite(LdpTestSuite.java:407)
	at org.w3.ldp.testsuite.RunLdpTestSuite.main(RunLdpTestSuite.java:26)
... Removed 21 stack frames</div></td></tr></table><p class="totop"><a href="#summary">back to summary</a></p><h3 id="m21">org.w3.ldp.testsuite.test.IndirectContainerTest#testRelativeUriResolutionPut</h3><table class="result"><tr class="param"><th>Parameter #1</th></tr><tr class="param stripe"><td>null</td></tr><tr><th>Exception</th></tr><tr><td><div class="stacktrace">org.w3.ldp.testsuite.exception.SkipException: Skipping test because there are restrictions on PUT content for this resource. The requirement needs to be tested manually.
	at org.w3.ldp.testsuite.test.RdfSourceTest.testRelativeUriResolutionPut(RdfSourceTest.java:79)
	at org.w3.ldp.testsuite.LdpTestSuite.run(LdpTestSuite.java:379)
	at org.w3.ldp.testsuite.LdpTestSuite.executeTestSuite(LdpTestSuite.java:415)
	at org.w3.ldp.testsuite.LdpTestSuite.executeTestSuite(LdpTestSuite.java:407)
	at org.w3.ldp.testsuite.RunLdpTestSuite.main(RunLdpTestSuite.java:26)
... Removed 21 stack frames</div></td></tr></table><p class="totop"><a href="#summary">back to summary</a></p><h3 id="m22">org.w3.ldp.testsuite.test.IndirectContainerTest#testRequestedInteractionModelCreateNotAllowed</h3><table class="result"><tr class="param"><th>Parameter #1</th></tr><tr class="param stripe"><td>null</td></tr><tr><th>Exception</th></tr><tr><td><div class="stacktrace">org.w3.ldp.testsuite.exception.SkipException: containerAsResource is null
	at org.w3.ldp.testsuite.test.CommonContainerTest.testRequestedInteractionModelCreateNotAllowed(CommonContainerTest.java:315)
	at org.w3.ldp.testsuite.LdpTestSuite.run(LdpTestSuite.java:379)
	at org.w3.ldp.testsuite.LdpTestSuite.executeTestSuite(LdpTestSuite.java:415)
	at org.w3.ldp.testsuite.LdpTestSuite.executeTestSuite(LdpTestSuite.java:407)
	at org.w3.ldp.testsuite.RunLdpTestSuite.main(RunLdpTestSuite.java:26)
... Removed 21 stack frames</div></td></tr></table><p class="totop"><a href="#summary">back to summary</a></p><h3 id="m23">org.w3.ldp.testsuite.test.IndirectContainerTest#testRequestedInteractionModelHeaders</h3><table class="result"><tr class="param"><th>Parameter #1</th></tr><tr class="param stripe"><td>null</td></tr><tr><th>Exception</th></tr><tr><td><div class="stacktrace">org.w3.ldp.testsuite.exception.SkipException: containerAsResource is null
	at org.w3.ldp.testsuite.test.CommonContainerTest.testRequestedInteractionModelHeaders(CommonContainerTest.java:351)
	at org.w3.ldp.testsuite.LdpTestSuite.run(LdpTestSuite.java:379)
	at org.w3.ldp.testsuite.LdpTestSuite.executeTestSuite(LdpTestSuite.java:415)
	at org.w3.ldp.testsuite.LdpTestSuite.executeTestSuite(LdpTestSuite.java:407)
	at org.w3.ldp.testsuite.RunLdpTestSuite.main(RunLdpTestSuite.java:26)
... Removed 21 stack frames</div></td></tr></table><p class="totop"><a href="#summary">back to summary</a></p><h3 id="m24">org.w3.ldp.testsuite.test.IndirectContainerTest#testResponsePropertiesNotPersisted</h3><table class="result"><tr><th>Exception</th></tr><tr><td><div class="stacktrace">org.w3.ldp.testsuite.exception.SkipException: Skipping test because PUT request was successful.
	at org.w3.ldp.testsuite.test.RdfSourceTest.expectPut4xxStatus(RdfSourceTest.java:532)
	at org.w3.ldp.testsuite.test.RdfSourceTest.expectPut4xxResponseBody(RdfSourceTest.java:542)
	at org.w3.ldp.testsuite.test.RdfSourceTest.testResponsePropertiesNotPersisted(RdfSourceTest.java:462)
	at org.w3.ldp.testsuite.LdpTestSuite.run(LdpTestSuite.java:379)
	at org.w3.ldp.testsuite.LdpTestSuite.executeTestSuite(LdpTestSuite.java:415)
	at org.w3.ldp.testsuite.LdpTestSuite.executeTestSuite(LdpTestSuite.java:407)
	at org.w3.ldp.testsuite.RunLdpTestSuite.main(RunLdpTestSuite.java:26)
... Removed 21 stack frames</div></td></tr></table><p class="totop"><a href="#summary">back to summary</a></p><h3 id="m25">org.w3.ldp.testsuite.test.IndirectContainerTest#testRestrictClientInference</h3><table class="result"><tr><th>Exception</th></tr><tr><td><div class="stacktrace">org.w3.ldp.testsuite.exception.SkipNotTestableException: This requirement or recommendation must be tested manually. It is difficult or impossible to write automated tests for and is not part of the testsuite.
	at org.w3.ldp.testsuite.test.RdfSourceTest.testRestrictClientInference(RdfSourceTest.java:276)
	at org.w3.ldp.testsuite.LdpTestSuite.run(LdpTestSuite.java:379)
	at org.w3.ldp.testsuite.LdpTestSuite.executeTestSuite(LdpTestSuite.java:415)
	at org.w3.ldp.testsuite.LdpTestSuite.executeTestSuite(LdpTestSuite.java:407)
	at org.w3.ldp.testsuite.RunLdpTestSuite.main(RunLdpTestSuite.java:26)
... Removed 21 stack frames</div></td></tr></table><p class="totop"><a href="#summary">back to summary</a></p><h3 id="m26">org.w3.ldp.testsuite.test.IndirectContainerTest#testUseStandardVocabularies</h3><table class="result"><tr><th>Exception</th></tr><tr><td><div class="stacktrace">org.w3.ldp.testsuite.exception.SkipNotTestableException: This requirement or recommendation must be tested manually. It is difficult or impossible to write automated tests for and is not part of the testsuite.
	at org.w3.ldp.testsuite.test.RdfSourceTest.testUseStandardVocabularies(RdfSourceTest.java:256)
	at org.w3.ldp.testsuite.LdpTestSuite.run(LdpTestSuite.java:379)
	at org.w3.ldp.testsuite.LdpTestSuite.executeTestSuite(LdpTestSuite.java:415)
	at org.w3.ldp.testsuite.LdpTestSuite.executeTestSuite(LdpTestSuite.java:407)
	at org.w3.ldp.testsuite.RunLdpTestSuite.main(RunLdpTestSuite.java:26)
... Removed 21 stack frames</div></td></tr></table><p class="totop"><a href="#summary">back to summary</a></p><h3 id="m27">org.w3.ldp.testsuite.test.MemberResourceTest#test4xxErrorHasResponseBody</h3><table class="result"><tr class="param"><th>Parameter #1</th></tr><tr class="param stripe"><td>null</td></tr><tr><th>Exception</th></tr><tr><td><div class="stacktrace">org.w3.ldp.testsuite.exception.SkipException: Skipping test because we have no read-only properties to PUT. Server-managed properties are specified using the &quot;read-only-prop&quot; command-line parameter.
	at org.w3.ldp.testsuite.test.RdfSourceTest.test4xxErrorHasResponseBody(RdfSourceTest.java:423)
	at org.w3.ldp.testsuite.LdpTestSuite.run(LdpTestSuite.java:379)
	at org.w3.ldp.testsuite.LdpTestSuite.executeTestSuite(LdpTestSuite.java:415)
	at org.w3.ldp.testsuite.LdpTestSuite.executeTestSuite(LdpTestSuite.java:407)
	at org.w3.ldp.testsuite.RunLdpTestSuite.main(RunLdpTestSuite.java:26)
... Removed 21 stack frames</div></td></tr></table><p class="totop"><a href="#summary">back to summary</a></p><h3 id="m28">org.w3.ldp.testsuite.test.MemberResourceTest#testConformsRdfSourceLdpResource</h3><table class="result"><tr><th>Exception</th></tr><tr><td><div class="stacktrace">org.testng.SkipException: Covered indirectly by the MUST tests defined in CommonResourceTest class
	at org.w3.ldp.testsuite.test.RdfSourceTest.testConformsRdfSourceLdpResource(RdfSourceTest.java:477)
	at org.w3.ldp.testsuite.LdpTestSuite.run(LdpTestSuite.java:379)
	at org.w3.ldp.testsuite.LdpTestSuite.executeTestSuite(LdpTestSuite.java:415)
	at org.w3.ldp.testsuite.LdpTestSuite.executeTestSuite(LdpTestSuite.java:407)
	at org.w3.ldp.testsuite.RunLdpTestSuite.main(RunLdpTestSuite.java:26)
... Removed 21 stack frames</div></td></tr></table><p class="totop"><a href="#summary">back to summary</a></p><h3 id="m29">org.w3.ldp.testsuite.test.MemberResourceTest#testIsHttp11Manual</h3><table class="result"><tr><th>Exception</th></tr><tr><td><div class="stacktrace">org.w3.ldp.testsuite.exception.SkipNotTestableException: This requirement or recommendation must be tested manually. It is difficult or impossible to write automated tests for and is not part of the testsuite.
	at org.w3.ldp.testsuite.test.CommonResourceTest.testIsHttp11Manual(CommonResourceTest.java:130)
	at org.w3.ldp.testsuite.LdpTestSuite.run(LdpTestSuite.java:379)
	at org.w3.ldp.testsuite.LdpTestSuite.executeTestSuite(LdpTestSuite.java:415)
	at org.w3.ldp.testsuite.LdpTestSuite.executeTestSuite(LdpTestSuite.java:407)
	at org.w3.ldp.testsuite.RunLdpTestSuite.main(RunLdpTestSuite.java:26)
... Removed 21 stack frames</div></td></tr></table><p class="totop"><a href="#summary">back to summary</a></p><h3 id="m30">org.w3.ldp.testsuite.test.MemberResourceTest#testPreconditionRequiredStatusCode</h3><table class="result"><tr><th>Exception</th></tr><tr><td><div class="stacktrace">org.w3.ldp.testsuite.exception.SkipException: Server does not require If-Match header.
	at org.w3.ldp.testsuite.test.CommonResourceTest.testPreconditionRequiredStatusCode(CommonResourceTest.java:369)
	at org.w3.ldp.testsuite.LdpTestSuite.run(LdpTestSuite.java:379)
	at org.w3.ldp.testsuite.LdpTestSuite.executeTestSuite(LdpTestSuite.java:415)
	at org.w3.ldp.testsuite.LdpTestSuite.executeTestSuite(LdpTestSuite.java:407)
	at org.w3.ldp.testsuite.RunLdpTestSuite.main(RunLdpTestSuite.java:26)
... Removed 21 stack frames</div></td></tr></table><p class="totop"><a href="#summary">back to summary</a></p><h3 id="m31">org.w3.ldp.testsuite.test.MemberResourceTest#testPublishConstraintsReadOnlyProp</h3><table class="result"><tr class="param"><th>Parameter #1</th></tr><tr class="param stripe"><td>null</td></tr><tr><th>Exception</th></tr><tr><td><div class="stacktrace">org.w3.ldp.testsuite.exception.SkipException: Skipping test because we have no read-only properties to PUT. Server-managed properties are specified using the &quot;read-only-prop&quot; command-line parameter.
	at org.w3.ldp.testsuite.test.RdfSourceTest.testPublishConstraintsReadOnlyProp(RdfSourceTest.java:357)
	at org.w3.ldp.testsuite.LdpTestSuite.run(LdpTestSuite.java:379)
	at org.w3.ldp.testsuite.LdpTestSuite.executeTestSuite(LdpTestSuite.java:415)
	at org.w3.ldp.testsuite.LdpTestSuite.executeTestSuite(LdpTestSuite.java:407)
	at org.w3.ldp.testsuite.RunLdpTestSuite.main(RunLdpTestSuite.java:26)
... Removed 21 stack frames</div></td></tr></table><p class="totop"><a href="#summary">back to summary</a></p><h3 id="m32">org.w3.ldp.testsuite.test.MemberResourceTest#testPublishConstraintsUnknownProp</h3><table class="result"><tr><th>Exception</th></tr><tr><td><div class="stacktrace">org.w3.ldp.testsuite.exception.SkipException: Skipping test because PUT request was successful.
	at org.w3.ldp.testsuite.test.RdfSourceTest.expectPut4xxStatus(RdfSourceTest.java:532)
	at org.w3.ldp.testsuite.test.RdfSourceTest.expectPut4xxConstrainedBy(RdfSourceTest.java:489)
	at org.w3.ldp.testsuite.test.RdfSourceTest.testPublishConstraintsUnknownProp(RdfSourceTest.java:379)
	at org.w3.ldp.testsuite.LdpTestSuite.run(LdpTestSuite.java:379)
	at org.w3.ldp.testsuite.LdpTestSuite.executeTestSuite(LdpTestSuite.java:415)
	at org.w3.ldp.testsuite.LdpTestSuite.executeTestSuite(LdpTestSuite.java:407)
	at org.w3.ldp.testsuite.RunLdpTestSuite.main(RunLdpTestSuite.java:26)
... Removed 21 stack frames</div></td></tr></table><p class="totop"><a href="#summary">back to summary</a></p><h3 id="m33">org.w3.ldp.testsuite.test.MemberResourceTest#testPutPropertiesNotPersisted</h3><table class="result"><tr><th>Exception</th></tr><tr><td><div class="stacktrace">org.w3.ldp.testsuite.exception.SkipException: Skipping test because PUT request was successful.
	at org.w3.ldp.testsuite.test.RdfSourceTest.expectPut4xxStatus(RdfSourceTest.java:532)
	at org.w3.ldp.testsuite.test.RdfSourceTest.testPutPropertiesNotPersisted(RdfSourceTest.java:444)
	at org.w3.ldp.testsuite.LdpTestSuite.run(LdpTestSuite.java:379)
	at org.w3.ldp.testsuite.LdpTestSuite.executeTestSuite(LdpTestSuite.java:415)
	at org.w3.ldp.testsuite.LdpTestSuite.executeTestSuite(LdpTestSuite.java:407)
	at org.w3.ldp.testsuite.RunLdpTestSuite.main(RunLdpTestSuite.java:26)
... Removed 21 stack frames</div></td></tr></table><p class="totop"><a href="#summary">back to summary</a></p><h3 id="m34">org.w3.ldp.testsuite.test.MemberResourceTest#testPutReadOnlyProperties4xxStatus</h3><table class="result"><tr class="param"><th>Parameter #1</th></tr><tr class="param stripe"><td>null</td></tr><tr><th>Exception</th></tr><tr><td><div class="stacktrace">org.w3.ldp.testsuite.exception.SkipException: Skipping test because we have no read-only properties to PUT. Server-managed properties are specified using the &quot;read-only-prop&quot; command-line parameter.
	at org.w3.ldp.testsuite.test.RdfSourceTest.testPutReadOnlyProperties4xxStatus(RdfSourceTest.java:400)
	at org.w3.ldp.testsuite.LdpTestSuite.run(LdpTestSuite.java:379)
	at org.w3.ldp.testsuite.LdpTestSuite.executeTestSuite(LdpTestSuite.java:415)
	at org.w3.ldp.testsuite.LdpTestSuite.executeTestSuite(LdpTestSuite.java:407)
	at org.w3.ldp.testsuite.RunLdpTestSuite.main(RunLdpTestSuite.java:26)
... Removed 21 stack frames</div></td></tr></table><p class="totop"><a href="#summary">back to summary</a></p><h3 id="m35">org.w3.ldp.testsuite.test.MemberResourceTest#testReUseVocabularies</h3><table class="result"><tr><th>Exception</th></tr><tr><td><div class="stacktrace">org.w3.ldp.testsuite.exception.SkipNotTestableException: This requirement or recommendation must be tested manually. It is difficult or impossible to write automated tests for and is not part of the testsuite.
	at org.w3.ldp.testsuite.test.RdfSourceTest.testReUseVocabularies(RdfSourceTest.java:231)
	at org.w3.ldp.testsuite.LdpTestSuite.run(LdpTestSuite.java:379)
	at org.w3.ldp.testsuite.LdpTestSuite.executeTestSuite(LdpTestSuite.java:415)
	at org.w3.ldp.testsuite.LdpTestSuite.executeTestSuite(LdpTestSuite.java:407)
	at org.w3.ldp.testsuite.RunLdpTestSuite.main(RunLdpTestSuite.java:26)
... Removed 21 stack frames</div></td></tr></table><p class="totop"><a href="#summary">back to summary</a></p><h3 id="m36">org.w3.ldp.testsuite.test.MemberResourceTest#testResponsePropertiesNotPersisted</h3><table class="result"><tr><th>Exception</th></tr><tr><td><div class="stacktrace">org.w3.ldp.testsuite.exception.SkipException: Skipping test because PUT request was successful.
	at org.w3.ldp.testsuite.test.RdfSourceTest.expectPut4xxStatus(RdfSourceTest.java:532)
	at org.w3.ldp.testsuite.test.RdfSourceTest.expectPut4xxResponseBody(RdfSourceTest.java:542)
	at org.w3.ldp.testsuite.test.RdfSourceTest.testResponsePropertiesNotPersisted(RdfSourceTest.java:462)
	at org.w3.ldp.testsuite.LdpTestSuite.run(LdpTestSuite.java:379)
	at org.w3.ldp.testsuite.LdpTestSuite.executeTestSuite(LdpTestSuite.java:415)
	at org.w3.ldp.testsuite.LdpTestSuite.executeTestSuite(LdpTestSuite.java:407)
	at org.w3.ldp.testsuite.RunLdpTestSuite.main(RunLdpTestSuite.java:26)
... Removed 21 stack frames</div></td></tr></table><p class="totop"><a href="#summary">back to summary</a></p><h3 id="m37">org.w3.ldp.testsuite.test.MemberResourceTest#testRestrictClientInference</h3><table class="result"><tr><th>Exception</th></tr><tr><td><div class="stacktrace">org.w3.ldp.testsuite.exception.SkipNotTestableException: This requirement or recommendation must be tested manually. It is difficult or impossible to write automated tests for and is not part of the testsuite.
	at org.w3.ldp.testsuite.test.RdfSourceTest.testRestrictClientInference(RdfSourceTest.java:276)
	at org.w3.ldp.testsuite.LdpTestSuite.run(LdpTestSuite.java:379)
	at org.w3.ldp.testsuite.LdpTestSuite.executeTestSuite(LdpTestSuite.java:415)
	at org.w3.ldp.testsuite.LdpTestSuite.executeTestSuite(LdpTestSuite.java:407)
	at org.w3.ldp.testsuite.RunLdpTestSuite.main(RunLdpTestSuite.java:26)
... Removed 21 stack frames</div></td></tr></table><p class="totop"><a href="#summary">back to summary</a></p><h3 id="m38">org.w3.ldp.testsuite.test.MemberResourceTest#testUseStandardVocabularies</h3><table class="result"><tr><th>Exception</th></tr><tr><td><div class="stacktrace">org.w3.ldp.testsuite.exception.SkipNotTestableException: This requirement or recommendation must be tested manually. It is difficult or impossible to write automated tests for and is not part of the testsuite.
	at org.w3.ldp.testsuite.test.RdfSourceTest.testUseStandardVocabularies(RdfSourceTest.java:256)
	at org.w3.ldp.testsuite.LdpTestSuite.run(LdpTestSuite.java:379)
	at org.w3.ldp.testsuite.LdpTestSuite.executeTestSuite(LdpTestSuite.java:415)
	at org.w3.ldp.testsuite.LdpTestSuite.executeTestSuite(LdpTestSuite.java:407)
	at org.w3.ldp.testsuite.RunLdpTestSuite.main(RunLdpTestSuite.java:26)
... Removed 21 stack frames</div></td></tr></table><p class="totop"><a href="#summary">back to summary</a></p><h3 id="m39">org.w3.ldp.testsuite.test.NonRDFSourceTest#testAcceptPatchHeader</h3><table class="result"></table><p class="totop"><a href="#summary">back to summary</a></p><h3 id="m40">org.w3.ldp.testsuite.test.NonRDFSourceTest#testConditionFailedStatusCode</h3><table class="result"></table><p class="totop"><a href="#summary">back to summary</a></p><h3 id="m41">org.w3.ldp.testsuite.test.NonRDFSourceTest#testDeleteNonRDFSourceDeletesAssociatedResource</h3><table class="result"></table><p class="totop"><a href="#summary">back to summary</a></p><h3 id="m42">org.w3.ldp.testsuite.test.NonRDFSourceTest#testETagHeadersGet</h3><table class="result"></table><p class="totop"><a href="#summary">back to summary</a></p><h3 id="m43">org.w3.ldp.testsuite.test.NonRDFSourceTest#testETagHeadersHead</h3><table class="result"></table><p class="totop"><a href="#summary">back to summary</a></p><h3 id="m44">org.w3.ldp.testsuite.test.NonRDFSourceTest#testGetResource</h3><table class="result"></table><p class="totop"><a href="#summary">back to summary</a></p><h3 id="m45">org.w3.ldp.testsuite.test.NonRDFSourceTest#testGetResponseHeaders</h3><table class="result"></table><p class="totop"><a href="#summary">back to summary</a></p><h3 id="m46">org.w3.ldp.testsuite.test.NonRDFSourceTest#testHead</h3><table class="result"></table><p class="totop"><a href="#summary">back to summary</a></p><h3 id="m47">org.w3.ldp.testsuite.test.NonRDFSourceTest#testIsHttp11Manual</h3><table class="result"></table><p class="totop"><a href="#summary">back to summary</a></p><h3 id="m48">org.w3.ldp.testsuite.test.NonRDFSourceTest#testLdpLinkHeader</h3><table class="result"></table><p class="totop"><a href="#summary">back to summary</a></p><h3 id="m49">org.w3.ldp.testsuite.test.NonRDFSourceTest#testOptions</h3><table class="result"></table><p class="totop"><a href="#summary">back to summary</a></p><h3 id="m50">org.w3.ldp.testsuite.test.NonRDFSourceTest#testOptionsAllowHeader</h3><table class="result"></table><p class="totop"><a href="#summary">back to summary</a></p><h3 id="m51">org.w3.ldp.testsuite.test.NonRDFSourceTest#testOptionsHasSameLinkHeader</h3><table class="result"></table><p class="totop"><a href="#summary">back to summary</a></p><h3 id="m52">org.w3.ldp.testsuite.test.NonRDFSourceTest#testPostNonRDFSource</h3><table class="result"></table><p class="totop"><a href="#summary">back to summary</a></p><h3 id="m53">org.w3.ldp.testsuite.test.NonRDFSourceTest#testPostResourceAndCheckAssociatedResource</h3><table class="result"></table><p class="totop"><a href="#summary">back to summary</a></p><h3 id="m54">org.w3.ldp.testsuite.test.NonRDFSourceTest#testPostResourceAndCheckLink</h3><table class="result"></table><p class="totop"><a href="#summary">back to summary</a></p><h3 id="m55">org.w3.ldp.testsuite.test.NonRDFSourceTest#testPostResourceAndGetFromContainer</h3><table class="result"></table><p class="totop"><a href="#summary">back to summary</a></p><h3 id="m56">org.w3.ldp.testsuite.test.NonRDFSourceTest#testPostResourceGetBinary</h3><table class="result"></table><p class="totop"><a href="#summary">back to summary</a></p><h3 id="m57">org.w3.ldp.testsuite.test.NonRDFSourceTest#testPostResourceGetMetadataAndBinary</h3><table class="result"></table><p class="totop"><a href="#summary">back to summary</a></p><h3 id="m58">org.w3.ldp.testsuite.test.NonRDFSourceTest#testPreconditionRequiredStatusCode</h3><table class="result"></table><p class="totop"><a href="#summary">back to summary</a></p><h3 id="m59">org.w3.ldp.testsuite.test.NonRDFSourceTest#testPutBadETag</h3><table class="result"></table><p class="totop"><a href="#summary">back to summary</a></p><h3 id="m60">org.w3.ldp.testsuite.test.NonRDFSourceTest#testPutRequiresIfMatch</h3><table class="result"></table><p class="totop"><a href="#summary">back to summary</a></p><h3 id="m61">org.w3.ldp.testsuite.test.IndirectContainerTest#testAcceptPatchHeader</h3><table class="result"></table><p class="totop"><a href="#summary">back to summary</a></p><h3 id="m62">org.w3.ldp.testsuite.test.IndirectContainerTest#testAcceptPostResponseHeader</h3><table class="result"></table><p class="totop"><a href="#summary">back to summary</a></p><h3 id="m63">org.w3.ldp.testsuite.test.IndirectContainerTest#testAcceptTurtle</h3><table class="result"></table><p class="totop"><a href="#summary">back to summary</a></p><h3 id="m64">org.w3.ldp.testsuite.test.IndirectContainerTest#testConditionFailedStatusCode</h3><table class="result"></table><p class="totop"><a href="#summary">back to summary</a></p><h3 id="m65">org.w3.ldp.testsuite.test.IndirectContainerTest#testContainerHasInsertedContentRelation</h3><table class="result"></table><p class="totop"><a href="#summary">back to summary</a></p><h3 id="m66">org.w3.ldp.testsuite.test.IndirectContainerTest#testContainerSupportsHttpLinkHeader</h3><table class="result"></table><p class="totop"><a href="#summary">back to summary</a></p><h3 id="m67">org.w3.ldp.testsuite.test.IndirectContainerTest#testContentTypeHeader</h3><table class="result"></table><p class="totop"><a href="#summary">back to summary</a></p><h3 id="m68">org.w3.ldp.testsuite.test.IndirectContainerTest#testCreateWithoutConstraints</h3><table class="result"></table><p class="totop"><a href="#summary">back to summary</a></p><h3 id="m69">org.w3.ldp.testsuite.test.IndirectContainerTest#testDeleteRemovesContainmentTriple</h3><table class="result"></table><p class="totop"><a href="#summary">back to summary</a></p><h3 id="m70">org.w3.ldp.testsuite.test.IndirectContainerTest#testETagHeadersGet</h3><table class="result"></table><p class="totop"><a href="#summary">back to summary</a></p><h3 id="m71">org.w3.ldp.testsuite.test.IndirectContainerTest#testETagHeadersHead</h3><table class="result"></table><p class="totop"><a href="#summary">back to summary</a></p><h3 id="m72">org.w3.ldp.testsuite.test.IndirectContainerTest#testGetResource</h3><table class="result"></table><p class="totop"><a href="#summary">back to summary</a></p><h3 id="m73">org.w3.ldp.testsuite.test.IndirectContainerTest#testGetResourceAcceptTurtle</h3><table class="result"></table><p class="totop"><a href="#summary">back to summary</a></p><h3 id="m74">org.w3.ldp.testsuite.test.IndirectContainerTest#testGetResourceAsTurtleNoAccept</h3><table class="result"></table><p class="totop"><a href="#summary">back to summary</a></p><h3 id="m75">org.w3.ldp.testsuite.test.IndirectContainerTest#testGetResponseHeaders</h3><table class="result"></table><p class="totop"><a href="#summary">back to summary</a></p><h3 id="m76">org.w3.ldp.testsuite.test.IndirectContainerTest#testHead</h3><table class="result"></table><p class="totop"><a href="#summary">back to summary</a></p><h3 id="m77">org.w3.ldp.testsuite.test.IndirectContainerTest#testJsonLdRepresentation</h3><table class="result"></table><p class="totop"><a href="#summary">back to summary</a></p><h3 id="m78">org.w3.ldp.testsuite.test.IndirectContainerTest#testLdpLinkHeader</h3><table class="result"></table><p class="totop"><a href="#summary">back to summary</a></p><h3 id="m79">org.w3.ldp.testsuite.test.IndirectContainerTest#testNoRdfBagSeqOrList</h3><table class="result"></table><p class="totop"><a href="#summary">back to summary</a></p><h3 id="m80">org.w3.ldp.testsuite.test.IndirectContainerTest#testNullRelativeUriPost</h3><table class="result"></table><p class="totop"><a href="#summary">back to summary</a></p><h3 id="m81">org.w3.ldp.testsuite.test.IndirectContainerTest#testOptions</h3><table class="result"></table><p class="totop"><a href="#summary">back to summary</a></p><h3 id="m82">org.w3.ldp.testsuite.test.IndirectContainerTest#testOptionsAllowHeader</h3><table class="result"></table><p class="totop"><a href="#summary">back to summary</a></p><h3 id="m83">org.w3.ldp.testsuite.test.IndirectContainerTest#testPatchMethod</h3><table class="result"></table><p class="totop"><a href="#summary">back to summary</a></p><h3 id="m84">org.w3.ldp.testsuite.test.IndirectContainerTest#testPostContainer</h3><table class="result"></table><p class="totop"><a href="#summary">back to summary</a></p><h3 id="m85">org.w3.ldp.testsuite.test.IndirectContainerTest#testPostJsonLd</h3><table class="result"></table><p class="totop"><a href="#summary">back to summary</a></p><h3 id="m86">org.w3.ldp.testsuite.test.IndirectContainerTest#testPostNoSlug</h3><table class="result"></table><p class="totop"><a href="#summary">back to summary</a></p><h3 id="m87">org.w3.ldp.testsuite.test.IndirectContainerTest#testPostResponseStatusAndLocation</h3><table class="result"></table><p class="totop"><a href="#summary">back to summary</a></p><h3 id="m88">org.w3.ldp.testsuite.test.IndirectContainerTest#testPutBadETag</h3><table class="result"></table><p class="totop"><a href="#summary">back to summary</a></p><h3 id="m89">org.w3.ldp.testsuite.test.IndirectContainerTest#testPutToCreate</h3><table class="result"></table><p class="totop"><a href="#summary">back to summary</a></p><h3 id="m90">org.w3.ldp.testsuite.test.IndirectContainerTest#testRejectPutModifyingContainmentTriples</h3><table class="result"></table><p class="totop"><a href="#summary">back to summary</a></p><h3 id="m91">org.w3.ldp.testsuite.test.IndirectContainerTest#testRelativeUriResolutionPost</h3><table class="result"><tr class="param"><th>Parameter #1</th></tr><tr class="param stripe"><td>null</td></tr></table><p class="totop"><a href="#summary">back to summary</a></p><h3 id="m92">org.w3.ldp.testsuite.test.IndirectContainerTest#testRestrictPutReUseUri</h3><table class="result"></table><p class="totop"><a href="#summary">back to summary</a></p><h3 id="m93">org.w3.ldp.testsuite.test.IndirectContainerTest#testRestrictUriReUseNoSlug</h3><table class="result"></table><p class="totop"><a href="#summary">back to summary</a></p><h3 id="m94">org.w3.ldp.testsuite.test.IndirectContainerTest#testServerHonorsSlug</h3><table class="result"></table><p class="totop"><a href="#summary">back to summary</a></p><h3 id="m95">org.w3.ldp.testsuite.test.MemberResourceTest#testAcceptPatchHeader</h3><table class="result"></table><p class="totop"><a href="#summary">back to summary</a></p><h3 id="m96">org.w3.ldp.testsuite.test.MemberResourceTest#testConditionFailedStatusCode</h3><table class="result"></table><p class="totop"><a href="#summary">back to summary</a></p><h3 id="m97">org.w3.ldp.testsuite.test.MemberResourceTest#testContainsRdfType</h3><table class="result"></table><p class="totop"><a href="#summary">back to summary</a></p><h3 id="m98">org.w3.ldp.testsuite.test.MemberResourceTest#testETagHeadersGet</h3><table class="result"></table><p class="totop"><a href="#summary">back to summary</a></p><h3 id="m99">org.w3.ldp.testsuite.test.MemberResourceTest#testETagHeadersHead</h3><table class="result"></table><p class="totop"><a href="#summary">back to summary</a></p><h3 id="m100">org.w3.ldp.testsuite.test.MemberResourceTest#testGetResource</h3><table class="result"></table><p class="totop"><a href="#summary">back to summary</a></p><h3 id="m101">org.w3.ldp.testsuite.test.MemberResourceTest#testGetResourceAcceptTurtle</h3><table class="result"></table><p class="totop"><a href="#summary">back to summary</a></p><h3 id="m102">org.w3.ldp.testsuite.test.MemberResourceTest#testGetResourceAsTurtleNoAccept</h3><table class="result"></table><p class="totop"><a href="#summary">back to summary</a></p><h3 id="m103">org.w3.ldp.testsuite.test.MemberResourceTest#testGetResponseHeaders</h3><table class="result"></table><p class="totop"><a href="#summary">back to summary</a></p><h3 id="m104">org.w3.ldp.testsuite.test.MemberResourceTest#testHead</h3><table class="result"></table><p class="totop"><a href="#summary">back to summary</a></p><h3 id="m105">org.w3.ldp.testsuite.test.MemberResourceTest#testJsonLdRepresentation</h3><table class="result"></table><p class="totop"><a href="#summary">back to summary</a></p><h3 id="m106">org.w3.ldp.testsuite.test.MemberResourceTest#testLdpLinkHeader</h3><table class="result"></table><p class="totop"><a href="#summary">back to summary</a></p><h3 id="m107">org.w3.ldp.testsuite.test.MemberResourceTest#testOptions</h3><table class="result"></table><p class="totop"><a href="#summary">back to summary</a></p><h3 id="m108">org.w3.ldp.testsuite.test.MemberResourceTest#testOptionsAllowHeader</h3><table class="result"></table><p class="totop"><a href="#summary">back to summary</a></p><h3 id="m109">org.w3.ldp.testsuite.test.MemberResourceTest#testPutBadETag</h3><table class="result"></table><p class="totop"><a href="#summary">back to summary</a></p><h3 id="m110">org.w3.ldp.testsuite.test.MemberResourceTest#testPutReplacesResource</h3><table class="result"></table><p class="totop"><a href="#summary">back to summary</a></p><h3 id="m111">org.w3.ldp.testsuite.test.MemberResourceTest#testPutSimpleUpdate</h3><table class="result"></table><p class="totop"><a href="#summary">back to summary</a></p><h3 id="m112">org.w3.ldp.testsuite.test.MemberResourceTest#testRelativeUriResolutionPut</h3><table class="result"><tr class="param"><th>Parameter #1</th></tr><tr class="param stripe"><td>null</td></tr></table><p class="totop"><a href="#summary">back to summary</a></p><h3 id="m113">org.w3.ldp.testsuite.test.MemberResourceTest#testTypeRdfSource</h3><table class="result"></table><p class="totop"><a href="#summary">back to summary</a></p></body></html>