<?xml version="1.0" encoding="UTF-8"?>
<!-- Generated by org.testng.reporters.JUnitXMLReporter -->
<testsuite hostname="claude" name="W3C Linked Data Platform Tests" tests="113" failures="7" timestamp="18 Apr 2016 18:21:53 GMT" time="2.879" errors="0">
  <testcase name="@BeforeClass determineOptions" time="0.0" classname="org.w3.ldp.testsuite.test.NonRDFSourceTest">
    <skipped/>
  </testcase> <!-- @BeforeClass determineOptions -->
  <testcase name="testAcceptPostResponseHeader" time="0.038" classname="org.w3.ldp.testsuite.test.IndirectContainerTest"/>
  <testcase name="testConformsContainerRdfResource" time="0.0" classname="org.w3.ldp.testsuite.test.IndirectContainerTest">
    <skipped/>
  </testcase> <!-- testConformsContainerRdfResource -->
  <testcase name="testContentTypeHeader" time="0.023" classname="org.w3.ldp.testsuite.test.IndirectContainerTest"/>
  <testcase name="testDeleteRemovesContainmentTriple" time="0.142" classname="org.w3.ldp.testsuite.test.IndirectContainerTest"/>
  <testcase name="testNoRdfBagSeqOrList" time="0.034" classname="org.w3.ldp.testsuite.test.IndirectContainerTest"/>
  <testcase name="testNullRelativeUriPost" time="0.082" classname="org.w3.ldp.testsuite.test.IndirectContainerTest"/>
  <testcase name="testPatchMethod" time="0.0" classname="org.w3.ldp.testsuite.test.IndirectContainerTest"/>
  <testcase name="testPostContainer" time="0.097" classname="org.w3.ldp.testsuite.test.IndirectContainerTest"/>
  <testcase name="testPostJsonLd" time="0.219" classname="org.w3.ldp.testsuite.test.IndirectContainerTest"/>
  <testcase name="testPostNoSlug" time="0.051" classname="org.w3.ldp.testsuite.test.IndirectContainerTest"/>
  <testcase name="testPostResponseStatusAndLocation" time="0.046" classname="org.w3.ldp.testsuite.test.IndirectContainerTest"/>
  <testcase name="testPutToCreate" time="0.043" classname="org.w3.ldp.testsuite.test.IndirectContainerTest"/>
  <testcase name="testRejectPutModifyingContainmentTriples" time="0.048" classname="org.w3.ldp.testsuite.test.IndirectContainerTest"/>
  <testcase name="testRelativeUriResolutionPost" time="0.089" classname="org.w3.ldp.testsuite.test.IndirectContainerTest"/>
  <testcase name="testRequestedInteractionModelCreateNotAllowed" time="0.0" classname="org.w3.ldp.testsuite.test.IndirectContainerTest">
    <skipped/>
  </testcase> <!-- testRequestedInteractionModelCreateNotAllowed -->
  <testcase name="testRestrictUriReUseSlug" time="0.061" classname="org.w3.ldp.testsuite.test.IndirectContainerTest">
    <failure type="java.lang.AssertionError" message="1 expectation failed.
Expected status code &amp;lt;201&amp;gt; doesn&amp;apos;t match actual status code &amp;lt;409&amp;gt;.
">
      <![CDATA[java.lang.AssertionError: 1 expectation failed.
Expected status code <201> doesn't match actual status code <409>.

	at org.codehaus.groovy.runtime.callsite.ConstructorSite$ConstructorSiteNoUnwrap.callConstructor(ConstructorSite.java:84)
	at org.codehaus.groovy.runtime.callsite.CallSiteArray.defaultCallConstructor(CallSiteArray.java:60)
	at org.codehaus.groovy.runtime.callsite.AbstractCallSite.callConstructor(AbstractCallSite.java:235)
	at org.codehaus.groovy.runtime.callsite.AbstractCallSite.callConstructor(AbstractCallSite.java:247)
	at com.jayway.restassured.internal.ResponseSpecificationImpl$HamcrestAssertionClosure.validate(ResponseSpecificationImpl.groovy:598)
	at com.jayway.restassured.internal.ResponseSpecificationImpl$HamcrestAssertionClosure$validate$1.call(Unknown Source)
	at com.jayway.restassured.internal.RequestSpecificationImpl.applyPathParamsAndSendRequest(RequestSpecificationImpl.groovy:1575)
	at groovy.lang.MetaMethod.doMethodInvoke(MetaMethod.java:325)
	at groovy.lang.MetaClassImpl.invokeMethod(MetaClassImpl.java:1210)
	at groovy.lang.MetaClassImpl.invokeMethod(MetaClassImpl.java:1019)
	at groovy.lang.MetaClassImpl.invokeMethod(MetaClassImpl.java:810)
	at com.jayway.restassured.internal.RequestSpecificationImpl.invokeMethod(RequestSpecificationImpl.groovy)
	at org.codehaus.groovy.runtime.callsite.PogoInterceptableSite.call(PogoInterceptableSite.java:48)
	at org.codehaus.groovy.runtime.callsite.PogoInterceptableSite.callCurrent(PogoInterceptableSite.java:58)
	at org.codehaus.groovy.runtime.callsite.AbstractCallSite.callCurrent(AbstractCallSite.java:182)
	at com.jayway.restassured.internal.RequestSpecificationImpl.post(RequestSpecificationImpl.groovy:163)
	at com.jayway.restassured.internal.RequestSpecificationImpl.post(RequestSpecificationImpl.groovy)
	at groovy.lang.MetaMethod.doMethodInvoke(MetaMethod.java:325)
	at groovy.lang.MetaClassImpl.invokeMethod(MetaClassImpl.java:1210)
	at groovy.lang.MetaClassImpl.invokeMethod(MetaClassImpl.java:1019)
	at groovy.lang.MetaClassImpl.invokeMethod(MetaClassImpl.java:810)
	at com.jayway.restassured.internal.RequestSpecificationImpl.invokeMethod(RequestSpecificationImpl.groovy)
	at org.codehaus.groovy.runtime.callsite.PogoInterceptableSite.call(PogoInterceptableSite.java:48)
	at org.codehaus.groovy.runtime.callsite.AbstractCallSite.call(AbstractCallSite.java:133)
	at com.jayway.restassured.internal.ResponseSpecificationImpl.post(ResponseSpecificationImpl.groovy:293)
	at com.jayway.restassured.internal.ResponseSpecificationImpl.post(ResponseSpecificationImpl.groovy)
	at org.w3.ldp.testsuite.test.CommonContainerTest.post(CommonContainerTest.java:934)
	at org.w3.ldp.testsuite.test.CommonContainerTest.testRestrictUriReUse(CommonContainerTest.java:921)
	at org.w3.ldp.testsuite.test.CommonContainerTest.testRestrictUriReUseSlug(CommonContainerTest.java:594)
	at org.w3.ldp.testsuite.LdpTestSuite.run(LdpTestSuite.java:379)
	at org.w3.ldp.testsuite.LdpTestSuite.executeTestSuite(LdpTestSuite.java:415)
	at org.w3.ldp.testsuite.LdpTestSuite.executeTestSuite(LdpTestSuite.java:407)
	at org.w3.ldp.testsuite.RunLdpTestSuite.main(RunLdpTestSuite.java:26)
... Removed 36 stack frames]]>
    </failure>
  </testcase> <!-- testRestrictUriReUseSlug -->
  <testcase name="testAcceptPatchHeader" time="0.016" classname="org.w3.ldp.testsuite.test.IndirectContainerTest"/>
  <testcase name="testConditionFailedStatusCode" time="0.034" classname="org.w3.ldp.testsuite.test.IndirectContainerTest"/>
  <testcase name="testETagHeadersGet" time="0.023" classname="org.w3.ldp.testsuite.test.IndirectContainerTest"/>
  <testcase name="testGetResponseHeaders" time="0.019" classname="org.w3.ldp.testsuite.test.IndirectContainerTest"/>
  <testcase name="testIsHttp11Manual" time="0.0" classname="org.w3.ldp.testsuite.test.IndirectContainerTest">
    <skipped/>
  </testcase> <!-- testIsHttp11Manual -->
  <testcase name="testLdpLinkHeader" time="0.022" classname="org.w3.ldp.testsuite.test.IndirectContainerTest"/>
  <testcase name="testPreconditionRequiredStatusCode" time="0.075" classname="org.w3.ldp.testsuite.test.IndirectContainerTest">
    <skipped/>
  </testcase> <!-- testPreconditionRequiredStatusCode -->
  <testcase name="testContainerSupportsHttpLinkHeader" time="0.034" classname="org.w3.ldp.testsuite.test.IndirectContainerTest"/>
  <testcase name="testPostResource" time="0.0" classname="org.w3.ldp.testsuite.test.IndirectContainerTest">
    <skipped/>
  </testcase> <!-- testPostResource -->
  <testcase name="test4xxErrorHasResponseBody" time="0.0" classname="org.w3.ldp.testsuite.test.IndirectContainerTest">
    <skipped/>
  </testcase> <!-- test4xxErrorHasResponseBody -->
  <testcase name="testContainsRdfType" time="0.02" classname="org.w3.ldp.testsuite.test.IndirectContainerTest">
    <failure type="java.lang.AssertionError" message="LDP-RS representation has no explicit rdf:type expected [true] but found [false]">
      <![CDATA[java.lang.AssertionError: LDP-RS representation has no explicit rdf:type expected [true] but found [false]
	at org.w3.ldp.testsuite.test.RdfSourceTest.testContainsRdfType(RdfSourceTest.java:194)
	at org.w3.ldp.testsuite.LdpTestSuite.run(LdpTestSuite.java:379)
	at org.w3.ldp.testsuite.LdpTestSuite.executeTestSuite(LdpTestSuite.java:415)
	at org.w3.ldp.testsuite.LdpTestSuite.executeTestSuite(LdpTestSuite.java:407)
	at org.w3.ldp.testsuite.RunLdpTestSuite.main(RunLdpTestSuite.java:26)
... Removed 24 stack frames]]>
    </failure>
  </testcase> <!-- testContainsRdfType -->
  <testcase name="testGetResourceAsTurtleNoAccept" time="0.02" classname="org.w3.ldp.testsuite.test.IndirectContainerTest"/>
  <testcase name="testPublishConstraintsUnknownProp" time="0.068" classname="org.w3.ldp.testsuite.test.IndirectContainerTest">
    <skipped/>
  </testcase> <!-- testPublishConstraintsUnknownProp -->
  <testcase name="testPutPropertiesNotPersisted" time="0.059" classname="org.w3.ldp.testsuite.test.IndirectContainerTest">
    <skipped/>
  </testcase> <!-- testPutPropertiesNotPersisted -->
  <testcase name="testPutReadOnlyProperties4xxStatus" time="0.0" classname="org.w3.ldp.testsuite.test.IndirectContainerTest">
    <skipped/>
  </testcase> <!-- testPutReadOnlyProperties4xxStatus -->
  <testcase name="testReUseVocabularies" time="0.0" classname="org.w3.ldp.testsuite.test.IndirectContainerTest">
    <skipped/>
  </testcase> <!-- testReUseVocabularies -->
  <testcase name="testRelativeUriResolutionPut" time="0.0" classname="org.w3.ldp.testsuite.test.IndirectContainerTest">
    <skipped/>
  </testcase> <!-- testRelativeUriResolutionPut -->
  <testcase name="testResponsePropertiesNotPersisted" time="0.055" classname="org.w3.ldp.testsuite.test.IndirectContainerTest">
    <skipped/>
  </testcase> <!-- testResponsePropertiesNotPersisted -->
  <testcase name="testTypeRdfSource" time="0.019" classname="org.w3.ldp.testsuite.test.IndirectContainerTest">
    <failure type="java.lang.AssertionError" message="LDP-RS representation does not have rdf:type ldp:RDFSource expected [true] but found [false]">
      <![CDATA[java.lang.AssertionError: LDP-RS representation does not have rdf:type ldp:RDFSource expected [true] but found [false]
	at org.w3.ldp.testsuite.test.RdfSourceTest.testTypeRdfSource(RdfSourceTest.java:208)
	at org.w3.ldp.testsuite.LdpTestSuite.run(LdpTestSuite.java:379)
	at org.w3.ldp.testsuite.LdpTestSuite.executeTestSuite(LdpTestSuite.java:415)
	at org.w3.ldp.testsuite.LdpTestSuite.executeTestSuite(LdpTestSuite.java:407)
	at org.w3.ldp.testsuite.RunLdpTestSuite.main(RunLdpTestSuite.java:26)
... Removed 24 stack frames]]>
    </failure>
  </testcase> <!-- testTypeRdfSource -->
  <testcase name="testUseStandardVocabularies" time="0.001" classname="org.w3.ldp.testsuite.test.IndirectContainerTest">
    <skipped/>
  </testcase> <!-- testUseStandardVocabularies -->
  <testcase name="testRdfTypeLdpContainer" time="0.037" classname="org.w3.ldp.testsuite.test.IndirectContainerTest">
    <failure type="java.lang.AssertionError" message="LDPC does not have an rdf:type of ldp:Container expected [true] but found [false]">
      <![CDATA[java.lang.AssertionError: LDPC does not have an rdf:type of ldp:Container expected [true] but found [false]
	at org.w3.ldp.testsuite.test.CommonContainerTest.testRdfTypeLdpContainer(CommonContainerTest.java:793)
	at org.w3.ldp.testsuite.LdpTestSuite.run(LdpTestSuite.java:379)
	at org.w3.ldp.testsuite.LdpTestSuite.executeTestSuite(LdpTestSuite.java:415)
	at org.w3.ldp.testsuite.LdpTestSuite.executeTestSuite(LdpTestSuite.java:407)
	at org.w3.ldp.testsuite.RunLdpTestSuite.main(RunLdpTestSuite.java:26)
... Removed 24 stack frames]]>
    </failure>
  </testcase> <!-- testRdfTypeLdpContainer -->
  <testcase name="testOptionsAllowHeader" time="0.012" classname="org.w3.ldp.testsuite.test.IndirectContainerTest"/>
  <testcase name="testRestrictClientInference" time="0.0" classname="org.w3.ldp.testsuite.test.IndirectContainerTest">
    <skipped/>
  </testcase> <!-- testRestrictClientInference -->
  <testcase name="testOptions" time="0.012" classname="org.w3.ldp.testsuite.test.IndirectContainerTest"/>
  <testcase name="testContainerHasInsertedContentRelation" time="0.019" classname="org.w3.ldp.testsuite.test.IndirectContainerTest"/>
  <testcase name="testPutRequiresIfMatch" time="0.043" classname="org.w3.ldp.testsuite.test.IndirectContainerTest">
    <failure type="java.lang.AssertionError" message="1 expectation failed.
Expected status code not between 200 and 209 doesn&amp;apos;t match actual status code &amp;lt;200&amp;gt;.
">
      <![CDATA[java.lang.AssertionError: 1 expectation failed.
Expected status code not between 200 and 209 doesn't match actual status code <200>.

	at org.codehaus.groovy.runtime.callsite.ConstructorSite$ConstructorSiteNoUnwrap.callConstructor(ConstructorSite.java:84)
	at org.codehaus.groovy.runtime.callsite.AbstractCallSite.callConstructor(AbstractCallSite.java:247)
	at com.jayway.restassured.internal.ResponseSpecificationImpl$HamcrestAssertionClosure.validate(ResponseSpecificationImpl.groovy:598)
	at com.jayway.restassured.internal.ResponseSpecificationImpl$HamcrestAssertionClosure$validate$1.call(Unknown Source)
	at com.jayway.restassured.internal.RequestSpecificationImpl.applyPathParamsAndSendRequest(RequestSpecificationImpl.groovy:1575)
	at groovy.lang.MetaMethod.doMethodInvoke(MetaMethod.java:325)
	at groovy.lang.MetaClassImpl.invokeMethod(MetaClassImpl.java:1210)
	at groovy.lang.MetaClassImpl.invokeMethod(MetaClassImpl.java:1019)
	at groovy.lang.MetaClassImpl.invokeMethod(MetaClassImpl.java:810)
	at com.jayway.restassured.internal.RequestSpecificationImpl.invokeMethod(RequestSpecificationImpl.groovy)
	at org.codehaus.groovy.runtime.callsite.PogoInterceptableSite.call(PogoInterceptableSite.java:48)
	at org.codehaus.groovy.runtime.callsite.PogoInterceptableSite.callCurrent(PogoInterceptableSite.java:58)
	at org.codehaus.groovy.runtime.callsite.AbstractCallSite.callCurrent(AbstractCallSite.java:182)
	at com.jayway.restassured.internal.RequestSpecificationImpl.put(RequestSpecificationImpl.groovy:167)
	at com.jayway.restassured.internal.RequestSpecificationImpl.put(RequestSpecificationImpl.groovy)
	at groovy.lang.MetaMethod.doMethodInvoke(MetaMethod.java:325)
	at groovy.lang.MetaClassImpl.invokeMethod(MetaClassImpl.java:1210)
	at groovy.lang.MetaClassImpl.invokeMethod(MetaClassImpl.java:1019)
	at groovy.lang.MetaClassImpl.invokeMethod(MetaClassImpl.java:810)
	at com.jayway.restassured.internal.RequestSpecificationImpl.invokeMethod(RequestSpecificationImpl.groovy)
	at org.codehaus.groovy.runtime.callsite.PogoInterceptableSite.call(PogoInterceptableSite.java:48)
	at org.codehaus.groovy.runtime.callsite.AbstractCallSite.call(AbstractCallSite.java:133)
	at com.jayway.restassured.internal.ResponseSpecificationImpl.put(ResponseSpecificationImpl.groovy:297)
	at com.jayway.restassured.internal.ResponseSpecificationImpl.put(ResponseSpecificationImpl.groovy)
	at org.w3.ldp.testsuite.test.CommonResourceTest.testPutRequiresIfMatch(CommonResourceTest.java:270)
	at org.w3.ldp.testsuite.LdpTestSuite.run(LdpTestSuite.java:379)
	at org.w3.ldp.testsuite.LdpTestSuite.executeTestSuite(LdpTestSuite.java:415)
	at org.w3.ldp.testsuite.LdpTestSuite.executeTestSuite(LdpTestSuite.java:407)
	at org.w3.ldp.testsuite.RunLdpTestSuite.main(RunLdpTestSuite.java:26)
... Removed 36 stack frames]]>
    </failure>
  </testcase> <!-- testPutRequiresIfMatch -->
  <testcase name="testPreferContainmentTriples" time="0.043" classname="org.w3.ldp.testsuite.test.IndirectContainerTest">
    <failure type="java.lang.AssertionError" message="Container has containment triples when minimal container was requested expected [false] but found [true]">
      <![CDATA[java.lang.AssertionError: Container has containment triples when minimal container was requested expected [false] but found [true]
	at org.w3.ldp.testsuite.test.CommonContainerTest.testPreferContainmentTriples(CommonContainerTest.java:198)
	at org.w3.ldp.testsuite.LdpTestSuite.run(LdpTestSuite.java:379)
	at org.w3.ldp.testsuite.LdpTestSuite.executeTestSuite(LdpTestSuite.java:415)
	at org.w3.ldp.testsuite.LdpTestSuite.executeTestSuite(LdpTestSuite.java:407)
	at org.w3.ldp.testsuite.RunLdpTestSuite.main(RunLdpTestSuite.java:26)
... Removed 24 stack frames]]>
    </failure>
  </testcase> <!-- testPreferContainmentTriples -->
  <testcase name="testHead" time="0.015" classname="org.w3.ldp.testsuite.test.IndirectContainerTest"/>
  <testcase name="testGetResource" time="0.018" classname="org.w3.ldp.testsuite.test.IndirectContainerTest"/>
  <testcase name="testGetResourceAcceptTurtle" time="0.05" classname="org.w3.ldp.testsuite.test.IndirectContainerTest"/>
  <testcase name="testAcceptTurtle" time="0.057" classname="org.w3.ldp.testsuite.test.IndirectContainerTest"/>
  <testcase name="testETagHeadersHead" time="0.012" classname="org.w3.ldp.testsuite.test.IndirectContainerTest"/>
  <testcase name="testRestrictUriReUseNoSlug" time="0.076" classname="org.w3.ldp.testsuite.test.IndirectContainerTest"/>
  <testcase name="testPublishConstraintsReadOnlyProp" time="0.0" classname="org.w3.ldp.testsuite.test.IndirectContainerTest">
    <skipped/>
  </testcase> <!-- testPublishConstraintsReadOnlyProp -->
  <testcase name="testRequestedInteractionModelHeaders" time="0.0" classname="org.w3.ldp.testsuite.test.IndirectContainerTest">
    <skipped/>
  </testcase> <!-- testRequestedInteractionModelHeaders -->
  <testcase name="testConformsRdfSourceLdpResource" time="0.001" classname="org.w3.ldp.testsuite.test.IndirectContainerTest">
    <skipped/>
  </testcase> <!-- testConformsRdfSourceLdpResource -->
  <testcase name="testServerHonorsSlug" time="0.037" classname="org.w3.ldp.testsuite.test.IndirectContainerTest"/>
  <testcase name="testPutSimpleUpdate" time="0.0" classname="org.w3.ldp.testsuite.test.IndirectContainerTest">
    <skipped/>
  </testcase> <!-- testPutSimpleUpdate -->
  <testcase name="testJsonLdRepresentation" time="0.039" classname="org.w3.ldp.testsuite.test.IndirectContainerTest"/>
  <testcase name="testPutReplacesResource" time="0.001" classname="org.w3.ldp.testsuite.test.IndirectContainerTest">
    <skipped/>
  </testcase> <!-- testPutReplacesResource -->
  <testcase name="testPutBadETag" time="0.026" classname="org.w3.ldp.testsuite.test.IndirectContainerTest"/>
  <testcase name="testCreateWithoutConstraints" time="0.028" classname="org.w3.ldp.testsuite.test.IndirectContainerTest"/>
  <testcase name="testRestrictPutReUseUri" time="0.047" classname="org.w3.ldp.testsuite.test.IndirectContainerTest"/>
  <testcase name="testAcceptPatchHeader" time="0.011" classname="org.w3.ldp.testsuite.test.MemberResourceTest"/>
  <testcase name="testConditionFailedStatusCode" time="0.023" classname="org.w3.ldp.testsuite.test.MemberResourceTest"/>
  <testcase name="testETagHeadersGet" time="0.014" classname="org.w3.ldp.testsuite.test.MemberResourceTest"/>
  <testcase name="testETagHeadersHead" time="0.01" classname="org.w3.ldp.testsuite.test.MemberResourceTest"/>
  <testcase name="testGetResponseHeaders" time="0.013" classname="org.w3.ldp.testsuite.test.MemberResourceTest"/>
  <testcase name="testHead" time="0.01" classname="org.w3.ldp.testsuite.test.MemberResourceTest"/>
  <testcase name="testIsHttp11Manual" time="0.001" classname="org.w3.ldp.testsuite.test.MemberResourceTest">
    <skipped/>
  </testcase> <!-- testIsHttp11Manual -->
  <testcase name="testLdpLinkHeader" time="0.013" classname="org.w3.ldp.testsuite.test.MemberResourceTest"/>
  <testcase name="testOptions" time="0.016" classname="org.w3.ldp.testsuite.test.MemberResourceTest"/>
  <testcase name="testOptionsAllowHeader" time="0.01" classname="org.w3.ldp.testsuite.test.MemberResourceTest"/>
  <testcase name="testPreconditionRequiredStatusCode" time="0.049" classname="org.w3.ldp.testsuite.test.MemberResourceTest">
    <skipped/>
  </testcase> <!-- testPreconditionRequiredStatusCode -->
  <testcase name="testPutBadETag" time="0.024" classname="org.w3.ldp.testsuite.test.MemberResourceTest"/>
  <testcase name="testPutRequiresIfMatch" time="0.031" classname="org.w3.ldp.testsuite.test.MemberResourceTest">
    <failure type="java.lang.AssertionError" message="1 expectation failed.
Expected status code not between 200 and 209 doesn&amp;apos;t match actual status code &amp;lt;200&amp;gt;.
">
      <![CDATA[java.lang.AssertionError: 1 expectation failed.
Expected status code not between 200 and 209 doesn't match actual status code <200>.

	at org.codehaus.groovy.runtime.callsite.ConstructorSite$ConstructorSiteNoUnwrap.callConstructor(ConstructorSite.java:84)
	at org.codehaus.groovy.runtime.callsite.AbstractCallSite.callConstructor(AbstractCallSite.java:247)
	at com.jayway.restassured.internal.ResponseSpecificationImpl$HamcrestAssertionClosure.validate(ResponseSpecificationImpl.groovy:598)
	at com.jayway.restassured.internal.ResponseSpecificationImpl$HamcrestAssertionClosure$validate$1.call(Unknown Source)
	at com.jayway.restassured.internal.RequestSpecificationImpl.applyPathParamsAndSendRequest(RequestSpecificationImpl.groovy:1575)
	at groovy.lang.MetaMethod.doMethodInvoke(MetaMethod.java:325)
	at groovy.lang.MetaClassImpl.invokeMethod(MetaClassImpl.java:1210)
	at groovy.lang.MetaClassImpl.invokeMethod(MetaClassImpl.java:1019)
	at groovy.lang.MetaClassImpl.invokeMethod(MetaClassImpl.java:810)
	at com.jayway.restassured.internal.RequestSpecificationImpl.invokeMethod(RequestSpecificationImpl.groovy)
	at org.codehaus.groovy.runtime.callsite.PogoInterceptableSite.call(PogoInterceptableSite.java:48)
	at org.codehaus.groovy.runtime.callsite.PogoInterceptableSite.callCurrent(PogoInterceptableSite.java:58)
	at org.codehaus.groovy.runtime.callsite.AbstractCallSite.callCurrent(AbstractCallSite.java:182)
	at com.jayway.restassured.internal.RequestSpecificationImpl.put(RequestSpecificationImpl.groovy:167)
	at com.jayway.restassured.internal.RequestSpecificationImpl.put(RequestSpecificationImpl.groovy)
	at groovy.lang.MetaMethod.doMethodInvoke(MetaMethod.java:325)
	at groovy.lang.MetaClassImpl.invokeMethod(MetaClassImpl.java:1210)
	at groovy.lang.MetaClassImpl.invokeMethod(MetaClassImpl.java:1019)
	at groovy.lang.MetaClassImpl.invokeMethod(MetaClassImpl.java:810)
	at com.jayway.restassured.internal.RequestSpecificationImpl.invokeMethod(RequestSpecificationImpl.groovy)
	at org.codehaus.groovy.runtime.callsite.PogoInterceptableSite.call(PogoInterceptableSite.java:48)
	at org.codehaus.groovy.runtime.callsite.AbstractCallSite.call(AbstractCallSite.java:133)
	at com.jayway.restassured.internal.ResponseSpecificationImpl.put(ResponseSpecificationImpl.groovy:297)
	at com.jayway.restassured.internal.ResponseSpecificationImpl.put(ResponseSpecificationImpl.groovy)
	at org.w3.ldp.testsuite.test.CommonResourceTest.testPutRequiresIfMatch(CommonResourceTest.java:270)
	at org.w3.ldp.testsuite.LdpTestSuite.run(LdpTestSuite.java:379)
	at org.w3.ldp.testsuite.LdpTestSuite.executeTestSuite(LdpTestSuite.java:415)
	at org.w3.ldp.testsuite.LdpTestSuite.executeTestSuite(LdpTestSuite.java:407)
	at org.w3.ldp.testsuite.RunLdpTestSuite.main(RunLdpTestSuite.java:26)
... Removed 36 stack frames]]>
    </failure>
  </testcase> <!-- testPutRequiresIfMatch -->
  <testcase name="test4xxErrorHasResponseBody" time="0.0" classname="org.w3.ldp.testsuite.test.MemberResourceTest">
    <skipped/>
  </testcase> <!-- test4xxErrorHasResponseBody -->
  <testcase name="testConformsRdfSourceLdpResource" time="0.0" classname="org.w3.ldp.testsuite.test.MemberResourceTest">
    <skipped/>
  </testcase> <!-- testConformsRdfSourceLdpResource -->
  <testcase name="testContainsRdfType" time="0.014" classname="org.w3.ldp.testsuite.test.MemberResourceTest"/>
  <testcase name="testGetResource" time="0.036" classname="org.w3.ldp.testsuite.test.MemberResourceTest"/>
  <testcase name="testGetResourceAcceptTurtle" time="0.028" classname="org.w3.ldp.testsuite.test.MemberResourceTest"/>
  <testcase name="testGetResourceAsTurtleNoAccept" time="0.015" classname="org.w3.ldp.testsuite.test.MemberResourceTest"/>
  <testcase name="testJsonLdRepresentation" time="0.017" classname="org.w3.ldp.testsuite.test.MemberResourceTest"/>
  <testcase name="testPublishConstraintsReadOnlyProp" time="0.001" classname="org.w3.ldp.testsuite.test.MemberResourceTest">
    <skipped/>
  </testcase> <!-- testPublishConstraintsReadOnlyProp -->
  <testcase name="testPublishConstraintsUnknownProp" time="0.037" classname="org.w3.ldp.testsuite.test.MemberResourceTest">
    <skipped/>
  </testcase> <!-- testPublishConstraintsUnknownProp -->
  <testcase name="testPutPropertiesNotPersisted" time="0.038" classname="org.w3.ldp.testsuite.test.MemberResourceTest">
    <skipped/>
  </testcase> <!-- testPutPropertiesNotPersisted -->
  <testcase name="testPutReadOnlyProperties4xxStatus" time="0.0" classname="org.w3.ldp.testsuite.test.MemberResourceTest">
    <skipped/>
  </testcase> <!-- testPutReadOnlyProperties4xxStatus -->
  <testcase name="testPutReplacesResource" time="0.057" classname="org.w3.ldp.testsuite.test.MemberResourceTest"/>
  <testcase name="testPutSimpleUpdate" time="0.066" classname="org.w3.ldp.testsuite.test.MemberResourceTest"/>
  <testcase name="testReUseVocabularies" time="0.001" classname="org.w3.ldp.testsuite.test.MemberResourceTest">
    <skipped/>
  </testcase> <!-- testReUseVocabularies -->
  <testcase name="testRelativeUriResolutionPut" time="0.054" classname="org.w3.ldp.testsuite.test.MemberResourceTest"/>
  <testcase name="testResponsePropertiesNotPersisted" time="0.036" classname="org.w3.ldp.testsuite.test.MemberResourceTest">
    <skipped/>
  </testcase> <!-- testResponsePropertiesNotPersisted -->
  <testcase name="testRestrictClientInference" time="0.001" classname="org.w3.ldp.testsuite.test.MemberResourceTest">
    <skipped/>
  </testcase> <!-- testRestrictClientInference -->
  <testcase name="testTypeRdfSource" time="0.015" classname="org.w3.ldp.testsuite.test.MemberResourceTest"/>
  <testcase name="testUseStandardVocabularies" time="0.0" classname="org.w3.ldp.testsuite.test.MemberResourceTest">
    <skipped/>
  </testcase> <!-- testUseStandardVocabularies -->
  <testcase name="testAcceptPatchHeader" time="0.0" classname="org.w3.ldp.testsuite.test.NonRDFSourceTest">
    <skipped/>
  </testcase> <!-- testAcceptPatchHeader -->
  <testcase name="testConditionFailedStatusCode" time="0.0" classname="org.w3.ldp.testsuite.test.NonRDFSourceTest">
    <skipped/>
  </testcase> <!-- testConditionFailedStatusCode -->
  <testcase name="testETagHeadersGet" time="0.0" classname="org.w3.ldp.testsuite.test.NonRDFSourceTest">
    <skipped/>
  </testcase> <!-- testETagHeadersGet -->
  <testcase name="testETagHeadersHead" time="0.0" classname="org.w3.ldp.testsuite.test.NonRDFSourceTest">
    <skipped/>
  </testcase> <!-- testETagHeadersHead -->
  <testcase name="testGetResource" time="0.0" classname="org.w3.ldp.testsuite.test.NonRDFSourceTest">
    <skipped/>
  </testcase> <!-- testGetResource -->
  <testcase name="testGetResponseHeaders" time="0.0" classname="org.w3.ldp.testsuite.test.NonRDFSourceTest">
    <skipped/>
  </testcase> <!-- testGetResponseHeaders -->
  <testcase name="testHead" time="0.0" classname="org.w3.ldp.testsuite.test.NonRDFSourceTest">
    <skipped/>
  </testcase> <!-- testHead -->
  <testcase name="testIsHttp11Manual" time="0.0" classname="org.w3.ldp.testsuite.test.NonRDFSourceTest">
    <skipped/>
  </testcase> <!-- testIsHttp11Manual -->
  <testcase name="testLdpLinkHeader" time="0.0" classname="org.w3.ldp.testsuite.test.NonRDFSourceTest">
    <skipped/>
  </testcase> <!-- testLdpLinkHeader -->
  <testcase name="testOptions" time="0.0" classname="org.w3.ldp.testsuite.test.NonRDFSourceTest">
    <skipped/>
  </testcase> <!-- testOptions -->
  <testcase name="testOptionsAllowHeader" time="0.0" classname="org.w3.ldp.testsuite.test.NonRDFSourceTest">
    <skipped/>
  </testcase> <!-- testOptionsAllowHeader -->
  <testcase name="testPreconditionRequiredStatusCode" time="0.0" classname="org.w3.ldp.testsuite.test.NonRDFSourceTest">
    <skipped/>
  </testcase> <!-- testPreconditionRequiredStatusCode -->
  <testcase name="testPutBadETag" time="0.0" classname="org.w3.ldp.testsuite.test.NonRDFSourceTest">
    <skipped/>
  </testcase> <!-- testPutBadETag -->
  <testcase name="testPutRequiresIfMatch" time="0.0" classname="org.w3.ldp.testsuite.test.NonRDFSourceTest">
    <skipped/>
  </testcase> <!-- testPutRequiresIfMatch -->
  <testcase name="testPostNonRDFSource" time="0.0" classname="org.w3.ldp.testsuite.test.NonRDFSourceTest">
    <skipped/>
  </testcase> <!-- testPostNonRDFSource -->
  <testcase name="testPostResourceAndCheckAssociatedResource" time="0.0" classname="org.w3.ldp.testsuite.test.NonRDFSourceTest">
    <skipped/>
  </testcase> <!-- testPostResourceAndCheckAssociatedResource -->
  <testcase name="testPostResourceAndCheckLink" time="0.0" classname="org.w3.ldp.testsuite.test.NonRDFSourceTest">
    <skipped/>
  </testcase> <!-- testPostResourceAndCheckLink -->
  <testcase name="testPostResourceAndGetFromContainer" time="0.0" classname="org.w3.ldp.testsuite.test.NonRDFSourceTest">
    <skipped/>
  </testcase> <!-- testPostResourceAndGetFromContainer -->
  <testcase name="testPostResourceGetBinary" time="0.0" classname="org.w3.ldp.testsuite.test.NonRDFSourceTest">
    <skipped/>
  </testcase> <!-- testPostResourceGetBinary -->
  <testcase name="testPostResourceGetMetadataAndBinary" time="0.0" classname="org.w3.ldp.testsuite.test.NonRDFSourceTest">
    <skipped/>
  </testcase> <!-- testPostResourceGetMetadataAndBinary -->
  <testcase name="testDeleteNonRDFSourceDeletesAssociatedResource" time="0.0" classname="org.w3.ldp.testsuite.test.NonRDFSourceTest">
    <skipped/>
  </testcase> <!-- testDeleteNonRDFSourceDeletesAssociatedResource -->
  <testcase name="testOptionsHasSameLinkHeader" time="0.0" classname="org.w3.ldp.testsuite.test.NonRDFSourceTest">
    <skipped/>
  </testcase> <!-- testOptionsHasSameLinkHeader -->
</testsuite> <!-- W3C Linked Data Platform Tests -->
